2018-07-03 21:57:49 file.encoding: UTF-8
2018-07-03 21:57:49 Default Charset=UTF-8
2018-07-03 21:57:49 ******************* FMV v? *******************
2018-07-03 21:57:49 Load config file: D:\Nos Documents\Commun\Loisirs\Films\movie-list.conf
2018-07-03 21:57:50 
2018-07-03 21:57:50 List declared:
2018-07-03 21:57:50 Folder: F:\Dessins animés
2018-07-03 21:57:50 Folder: F:\Dessins animés série
2018-07-03 21:57:50 Folder: F:\Documentaires
2018-07-03 21:57:50 Folder: F:\Films
2018-07-03 21:57:50 Folder: F:\Films HD
2018-07-03 21:57:50 Folder: F:\Séries
2018-07-03 21:57:50 
2018-07-03 21:59:38 file.encoding: UTF-8
2018-07-03 21:59:38 Default Charset=UTF-8
2018-07-03 21:59:38 ******************* FMV v? *******************
2018-07-03 21:59:38 Load config file: D:\Nos Documents\Commun\Loisirs\Films\movie-list.conf
2018-07-03 21:59:39 
2018-07-03 21:59:39 List declared:
2018-07-03 21:59:39 Folder: F:\Dessins animés
2018-07-03 21:59:39 Folder: F:\Dessins animés série
2018-07-03 21:59:39 Folder: F:\Documentaires
2018-07-03 21:59:39 Folder: F:\Films
2018-07-03 21:59:39 Folder: F:\Films HD
2018-07-03 21:59:39 Folder: F:\Séries
2018-07-03 21:59:39 
2018-07-03 22:07:04 file.encoding: UTF-8
2018-07-03 22:07:04 Default Charset=UTF-8
2018-07-03 22:07:04 ******************* FMV v? *******************
2018-07-03 22:07:04 Load config file: D:\Nos Documents\Commun\Loisirs\Films\movie-list.conf
2018-07-03 22:07:04 
2018-07-03 22:07:04 List declared:
2018-07-03 22:07:04 Folder: F:\Dessins animés
2018-07-03 22:07:04 Folder: F:\Dessins animés série
2018-07-03 22:07:04 Folder: F:\Documentaires
2018-07-03 22:07:04 Folder: F:\Films
2018-07-03 22:07:04 Folder: F:\Films HD
2018-07-03 22:07:04 Folder: F:\Séries
2018-07-03 22:07:04 
2018-07-03 22:07:43 file.encoding: UTF-8
2018-07-03 22:07:43 Default Charset=UTF-8
2018-07-03 22:07:43 ******************* FMV v? *******************
2018-07-03 22:07:43 Load config file: D:\Nos Documents\Commun\Loisirs\Films\movie-list.conf
2018-07-03 22:07:43 
2018-07-03 22:07:43 List declared:
2018-07-03 22:07:43 Folder: F:\Dessins animés
2018-07-03 22:07:43 Folder: F:\Dessins animés série
2018-07-03 22:07:43 Folder: F:\Documentaires
2018-07-03 22:07:43 Folder: F:\Films
2018-07-03 22:07:43 Folder: F:\Films HD
2018-07-03 22:07:43 Folder: F:\Séries
2018-07-03 22:07:43 
2018-07-03 22:07:47 Age cache to add in: D:\Nos Documents\Commun\Loisirs\Films\ages.cache
2018-07-03 22:07:47 1001 pattes
2018-07-03 22:07:48 Age cache to add in: D:\Nos Documents\Commun\Loisirs\Films\ages.cache
2018-07-03 22:07:48 1001 pattes
2018-07-03 22:07:48 Les 101 dalmatiens 1	7	7
2018-07-03 22:07:49 Age cache to add in: D:\Nos Documents\Commun\Loisirs\Films\ages.cache
2018-07-03 22:07:49 1001 pattes
2018-07-03 22:07:49 Les 101 dalmatiens 1	7	7
2018-07-03 22:07:49 Les 101 dalmatiens 2, sur la trace des héros
2018-07-03 22:07:50 Age cache to add in: D:\Nos Documents\Commun\Loisirs\Films\ages.cache
2018-07-03 22:07:50 1001 pattes
2018-07-03 22:07:50 Les 101 dalmatiens 1	7	7
2018-07-03 22:07:50 Les 101 dalmatiens 2, sur la trace des héros
2018-07-03 22:07:50 Les 3 Caballeros
2018-07-03 22:07:51 Age cache to add in: D:\Nos Documents\Commun\Loisirs\Films\ages.cache
2018-07-03 22:07:51 1001 pattes
2018-07-03 22:07:51 Les 101 dalmatiens 1	7	7
2018-07-03 22:07:51 Les 101 dalmatiens 2, sur la trace des héros
2018-07-03 22:07:51 Les 3 Caballeros
2018-07-03 22:07:51 Les 5 légendes
2018-07-03 22:07:52 Age cache to add in: D:\Nos Documents\Commun\Loisirs\Films\ages.cache
2018-07-03 22:07:52 1001 pattes
2018-07-03 22:07:52 Akira
2018-07-03 22:07:52 Les 101 dalmatiens 1	7	7
2018-07-03 22:07:52 Les 101 dalmatiens 2, sur la trace des héros
2018-07-03 22:07:52 Les 3 Caballeros
2018-07-03 22:07:52 Les 5 légendes
2018-07-03 22:08:38 file.encoding: UTF-8
2018-07-03 22:08:38 Default Charset=UTF-8
2018-07-03 22:08:38 ******************* FMV v? *******************
2018-07-03 22:08:38 Load config file: D:\Nos Documents\Commun\Loisirs\Films\movie-list.conf
2018-07-03 22:08:38 
2018-07-03 22:08:38 List declared:
2018-07-03 22:08:38 Folder: F:\Dessins animés
2018-07-03 22:08:38 Folder: F:\Dessins animés série
2018-07-03 22:08:38 Folder: F:\Documentaires
2018-07-03 22:08:38 Folder: F:\Films
2018-07-03 22:08:38 Folder: F:\Films HD
2018-07-03 22:08:38 Folder: F:\Séries
2018-07-03 22:08:38 
2018-07-03 22:12:40 Age cache to add in: D:\Nos Documents\Commun\Loisirs\Films\ages.cache
2018-07-03 22:12:40 1001 pattes
2018-07-03 22:12:40 Akira
2018-07-03 22:12:40 Aladdin 1	7	7
2018-07-03 22:12:40 Aladdin 2, le retour de Jafar
2018-07-03 22:12:40 Aladdin 3 Aladdin et le roi des voleurs
2018-07-03 22:12:40 Alice aux pays des merveilles
2018-07-03 22:12:40 Anastasia	7	10
2018-07-03 22:12:40 Asterix chez les Bretons
2018-07-03 22:12:40 Asterix et Cléopatre
2018-07-03 22:12:40 Asterix le gaulois
2018-07-03 22:12:40 Asterix.Bretons
2018-07-03 22:12:40 Asterix.Indiens (1994)
2018-07-03 22:12:40 Asterix.Vikings
2018-07-03 22:12:40 Astérix et la surprise de César	7	7
2018-07-03 22:12:40 Astérix et le coup du menhir	7	7
2018-07-03 22:12:40 Astérix, Le Domaine des dieux
2018-07-03 22:12:40 Astérix, les 12 travaux d'Asterix
2018-07-03 22:12:40 Atlantide, l'empire perdu	7	10
2018-07-03 22:12:40 Baby Boss	6	8
2018-07-03 22:12:40 Ballerina	6	8
2018-07-03 22:12:40 Bambi 1	0	0
2018-07-03 22:12:40 Bambi 2	0	0
2018-07-03 22:12:40 Barbie 01 - Rêve de danseuse étoile
2018-07-03 22:12:40 Basil, détective privé	7	7
2018-07-03 22:12:40 Bee Movie
2018-07-03 22:12:40 Bernard et Bianca 1	7	7
2018-07-03 22:12:40 Bernard et Bianca 2 au pays des kangourous	7	7
2018-07-03 22:12:40 Bienvenue chez les Robinson
2018-07-03 22:12:40 Blanche Neige et les 7 nains
2018-07-03 22:12:40 Buzz l'eclair le film, le début des aventures
2018-07-03 22:12:40 Capitaine superslip
2018-07-03 22:12:40 Cars 1	6	6
2018-07-03 22:12:40 Cars 2	7	7
2018-07-03 22:12:40 Cars 3	6	6
2018-07-03 22:12:40 Cendrillon 1	0	6
2018-07-03 22:12:40 Cendrillon 2, une vie de princesse
2018-07-03 22:12:40 Cendrillon 3, le sortilège de Cendrillon
2018-07-03 22:12:40 Chasseur de dragon
2018-07-03 22:12:40 Chicken Little	7	7
2018-07-03 22:12:40 Chicken Run	7	10
2018-07-03 22:12:40 Clochette 1
2018-07-03 22:12:40 Clochette 2 et la Pierre de lune
2018-07-03 22:12:40 Clochette 3 et l'Expédition féerique
2018-07-03 22:12:40 Clochette 4 Le Tournoi Des Fées
2018-07-03 22:12:40 Clochette 5 et le secret des fées	0	5
2018-07-03 22:12:40 Clochette 6 et la fée pirate	0	6
2018-07-03 22:12:40 Clochette 7 et la créature légendaire
2018-07-03 22:12:40 Coco	6	8
2018-07-03 22:12:40 Comme des bêtes	0	6
2018-07-03 22:12:40 Coquin de Printemps
2018-07-03 22:12:40 Coraline	7	7
2018-07-03 22:12:40 Cro Man	6	8
2018-07-03 22:12:40 Dingo et Max 1	7	9
2018-07-03 22:12:40 Dingo et Max 2 - Les sportifs de l'extrême
2018-07-03 22:12:40 Dinosaure	10	10
2018-07-03 22:12:40 Dumbo
2018-07-03 22:12:40 En route	0	6
2018-07-03 22:12:40 Fantasia	0	7
2018-07-03 22:12:40 Fantasia 2000	0	7
2018-07-03 22:12:40 Fantastic Mr Fox.VOSTFR
2018-07-03 22:12:40 Ferdinand	6	6
2018-07-03 22:12:40 Frère des ours 1
2018-07-03 22:12:40 Frère des ours 1 (24min petite)
2018-07-03 22:12:40 Frère des ours 2
2018-07-03 22:12:40 Gang de Requins	0	7
2018-07-03 22:12:40 Gruffalo
2018-07-03 22:12:40 Hercule	12	12
2018-07-03 22:12:40 Hotel Transylvania 1	6	8
2018-07-03 22:12:40 Hotel Transylvania 2	6	8
2018-07-03 22:12:40 How to train your dragon 1
2018-07-03 22:12:40 How to train your dragon 2
2018-07-03 22:12:40 Jack et la mécanique du coeur
2018-07-03 22:12:40 Khumba
2018-07-03 22:12:40 Kung fu Panda 1	0	6
2018-07-03 22:12:40 Kung fu Panda 2	7	7
2018-07-03 22:12:40 Kung fu Panda 3	0	6
2018-07-03 22:12:40 Kung fu Panda, les secrets du rouleau
2018-07-03 22:12:40 Kuzco 1 l'empereur megalo
2018-07-03 22:12:40 Kuzco 2 King Kronk
2018-07-03 22:12:40 L'âge de glace 1
2018-07-03 22:12:40 L'âge de glace 2	7	7
2018-07-03 22:12:40 L'âge de glace 3
2018-07-03 22:12:40 L'âge de glace 3.5, un noël de mammouths
2018-07-03 22:12:40 L'âge de glace 4, la dérive des continents
2018-07-03 22:12:40 L'âge de glace 5, les lois de l'Univers
2018-07-03 22:12:40 La Belle au bois dormant
2018-07-03 22:12:40 La Belle et la Bête 1	8	10
2018-07-03 22:12:40 La Belle et la Bête 2 - Le Noël enchanté
2018-07-03 22:12:40 La Belle et le clochard 1
2018-07-03 22:12:40 La Belle et le clochard 2
2018-07-03 22:12:40 La Reine des neiges	6	8
2018-07-03 22:12:40 La Reine des neiges - Une fête givrée
2018-07-03 22:12:40 La bande à Picsou, le trésor de la lampe perdue
2018-07-03 22:12:40 La boite à Musique
2018-07-03 22:12:40 La ferme se rebelle
2018-07-03 22:12:40 La légende de Manolo	6	8
2018-07-03 22:12:40 La petite sirène 0, le secret de la Petite Sirène 
2018-07-03 22:12:40 La petite sirène 1
2018-07-03 22:12:40 La petite sirène 2, retour à l'océan
2018-07-03 22:12:40 La planète au trésor, un nouvel univers
2018-07-03 22:12:40 La princesse et la grenouille
2018-07-03 22:12:40 Le Bossu de Notre-Dame 1	7	10
2018-07-03 22:12:40 Le Bossu de Notre-Dame 2	7	10
2018-07-03 22:12:40 Le Chat Potté et les Trois Petits Diables
2018-07-03 22:12:40 Le Lorax	0	5
2018-07-03 22:12:40 Le Petit Prince	6	10
2018-07-03 22:12:40 Le Roi Lion 1
2018-07-03 22:12:40 Le Roi Lion 2, l'honneur de la tribu
2018-07-03 22:12:40 Le Roi Lion 3, Hakuna Matata
2018-07-03 22:12:40 Le chat potté	7	7
2018-07-03 22:12:40 Le livre de la jungle 1	8	10
2018-07-03 22:12:40 Le livre de la jungle 2	8	10
2018-07-03 22:12:40 Le monde de Dory	0	6
2018-07-03 22:12:40 Le noël de Mickey
2018-07-03 22:12:40 Le voyage d'Arlo	6	8
2018-07-03 22:12:40 Le voyage de Chihiro
2018-07-03 22:12:40 Le voyage extraordinaire de Samy
2018-07-03 22:12:40 Lego - la grande aventure
2018-07-03 22:12:40 Lego Batman - The movie DC superheroes unit
2018-07-03 22:12:40 Leroy & Stich
2018-07-03 22:12:40 Les 101 dalmatiens 1	7	7
2018-07-03 22:12:40 Les 101 dalmatiens 2, sur la trace des héros
2018-07-03 22:12:40 Les 3 Caballeros
2018-07-03 22:12:40 Les 5 légendes
2018-07-03 22:12:40 Les Aristochats
2018-07-03 22:12:40 Les Croods	8	8
2018-07-03 22:12:40 Les Indestructibles	8	12
2018-07-03 22:12:40 Les Minions	6	6
2018-07-03 22:12:40 Les aventures de Tigrou et de Winnie l'ourson	0	5
2018-07-03 22:12:40 Les mondes de Ralph	7	7
2018-07-03 22:12:40 Les nouveaux héros	6	6
2018-07-03 22:12:40 Les rebelles de la forêt 1
2018-07-03 22:12:40 Les rebelles de la forêt 2
2018-07-03 22:12:40 Les rebelles de la forêt 4
2018-07-03 22:12:40 Lilo & Stitch 1
2018-07-03 22:12:40 Lilo & Stitch 1.5, Stitch, le film
2018-07-03 22:12:40 Lilo & Stitch 2, Hawaï, nous avons un problème !
2018-07-03 22:12:40 Là-haut	0	7
2018-07-03 22:12:40 Madagascar 1	12	16
2018-07-03 22:12:40 Madagascar 2, la grande évasion
2018-07-03 22:12:40 Madagascar 3 Europes most wanted
2018-07-03 22:12:40 Magician Mickey (1937)
2018-07-03 22:12:40 Mary Poppins
2018-07-03 22:12:40 Mary et la fleur de la sorcière
2018-07-03 22:12:40 Maya the bee movie
2018-07-03 22:12:40 Melodie du Sud
2018-07-03 22:12:40 Merlin l'enchenteur
2018-07-03 22:12:40 Mickey, Donald, Dingo, les trois mousquetaires
2018-07-03 22:12:40 Mickey, il était une fois Noël
2018-07-03 22:12:40 Moi, moche et méchant 1
2018-07-03 22:12:40 Moi, moche et méchant 2	6	6
2018-07-03 22:12:40 Moi, moche et méchant 3	6	6
2018-07-03 22:12:40 Mon voisin Totoro
2018-07-03 22:12:40 Monsters University
2018-07-03 22:12:40 Monstres & cie	7	7
2018-07-03 22:12:40 Mulan 1	7	10
2018-07-03 22:12:40 Mulan 2, la mission de l'Empereur
2018-07-03 22:12:40 Mune, le gardien de la lune	8	10
2018-07-03 22:12:40 Nemo
2018-07-03 22:12:40 Oliver et compagnie	7	7
2018-07-03 22:12:40 Opération casse noisettes
2018-07-03 22:12:40 Penguins of Madagascar New to the Zoo
2018-07-03 22:12:40 Peter Pan 1	7	10
2018-07-03 22:12:40 Peter Pan 2	7	10
2018-07-03 22:12:40 Pinocchio	7	7
2018-07-03 22:12:40 Planes 1	6	6
2018-07-03 22:12:40 Planes 2 fire and rescue
2018-07-03 22:12:40 Pocahontas 1, une légende indienne
2018-07-03 22:12:40 Pocahontas 2, un monde nouveau
2018-07-03 22:12:40 Polux Le Manége Enchanté
2018-07-03 22:12:40 Pourquoi j'ai pas mangé mon père	6	8
2018-07-03 22:12:40 Qui veut la peau de Roger Rabbit	10	10
2018-07-03 22:12:40 Raiponce	7	7
2018-07-03 22:12:40 Ratatouille	0	7
2018-07-03 22:12:40 Rebelle	7	7
2018-07-03 22:12:40 Rio 2	6	6
2018-07-03 22:12:40 Robin des bois	12	14
2018-07-03 22:12:40 Robots	7	7
2018-07-03 22:12:40 Rox et Rouky 1	7	7
2018-07-03 22:12:40 Rox et Rouky 2	7	7
2018-07-03 22:12:40 Saludos Amigos
2018-07-03 22:12:40 Sammy 2	0	7
2018-07-03 22:12:40 Schtroumpfs 2	6	6
2018-07-03 22:12:40 Schtroumpfs 3 et le village perdu
2018-07-03 22:12:40 Shaun le mouton	0	6
2018-07-03 22:12:40 Shrek 1	7	7
2018-07-03 22:12:40 Shrek 2	7	7
2018-07-03 22:12:40 Shrek 3, le troisième
2018-07-03 22:12:40 Shrek 4, il était une fin
2018-07-03 22:12:40 THoM
2018-07-03 22:12:40 Tad (1) l'explorateur à la recherche de la cité perdue
2018-07-03 22:12:40 Tad (2) et le secret du roi Midas
2018-07-03 22:12:40 Taram et le chaudron magique	7	7
2018-07-03 22:12:40 Tarzan	8	10
2018-07-03 22:12:40 Tempête de boulettes géantes 2	6	6
2018-07-03 22:12:40 The Jungle Book
2018-07-03 22:12:40 The Mouse Hunt (1931)
2018-07-03 22:12:40 The Pirates Band of Misfits
2018-07-03 22:12:40 The Snow Queen, la reine des neiges de Maxim Sveshnikov
2018-07-03 22:12:40 Toy Story 1	0	7
2018-07-03 22:12:40 Toy story 2	7	7
2018-07-03 22:12:40 Toy story 3	0	7
2018-07-03 22:12:40 Trolls
2018-07-03 22:12:40 Turbo	6	6
2018-07-03 22:12:40 Un monstre à Paris	7	7
2018-07-03 22:12:40 Vaiana, la légende du bout du monde	6	8
2018-07-03 22:12:40 Vice-Versa	6	10
2018-07-03 22:12:40 Volt, star malgré lui	7	7
2018-07-03 22:12:40 Wall-E	0	10
2018-07-03 22:12:40 Walt Disney - Contes et Légendes 1
2018-07-03 22:12:40 Walt Disney - Contes et Légendes 2
2018-07-03 22:12:40 Walt Disney - Contes et Légendes 3
2018-07-03 22:12:40 Walt Disney - Contes et Légendes 4
2018-07-03 22:12:40 Walt Disney - Contes et Légendes 5
2018-07-03 22:12:40 Walt Disney - Contes et Légendes 6
2018-07-03 22:12:40 Winnie l'ourson	0	5
2018-07-03 22:12:40 Zootopia	6	6
2018-07-03 22:14:49 Age cache to add in: D:\Nos Documents\Commun\Loisirs\Films\ages.cache
2018-07-03 22:14:49 1001 pattes
2018-07-03 22:14:49 Akira
2018-07-03 22:14:49 Aladdin 1	7	7
2018-07-03 22:14:49 Aladdin 2, le retour de Jafar
2018-07-03 22:14:49 Aladdin 3 Aladdin et le roi des voleurs
2018-07-03 22:14:49 Alice aux pays des merveilles
2018-07-03 22:14:49 Anastasia	7	10
2018-07-03 22:14:49 Asterix chez les Bretons
2018-07-03 22:14:49 Asterix et Cléopatre
2018-07-03 22:14:49 Asterix le gaulois
2018-07-03 22:14:49 Asterix.Bretons
2018-07-03 22:14:49 Asterix.Indiens (1994)
2018-07-03 22:14:49 Asterix.Vikings
2018-07-03 22:14:49 Astérix et la surprise de César	7	7
2018-07-03 22:14:49 Astérix et le coup du menhir	7	7
2018-07-03 22:14:49 Astérix, Le Domaine des dieux
2018-07-03 22:14:49 Astérix, les 12 travaux d'Asterix
2018-07-03 22:14:49 Atlantide, l'empire perdu	7	10
2018-07-03 22:14:49 Baby Boss	6	8
2018-07-03 22:14:49 Ballerina	6	8
2018-07-03 22:14:49 Bambi 1	0	0
2018-07-03 22:14:49 Bambi 2	0	0
2018-07-03 22:14:49 Barbie 01 - Rêve de danseuse étoile
2018-07-03 22:14:49 Basil, détective privé	7	7
2018-07-03 22:14:49 Bee Movie
2018-07-03 22:14:49 Bernard et Bianca 1	7	7
2018-07-03 22:14:49 Bernard et Bianca 2 au pays des kangourous	7	7
2018-07-03 22:14:49 Bienvenue chez les Robinson
2018-07-03 22:14:49 Blanche Neige et les 7 nains
2018-07-03 22:14:49 Buzz l'eclair le film, le début des aventures
2018-07-03 22:14:49 Capitaine superslip
2018-07-03 22:14:49 Cars 1	6	6
2018-07-03 22:14:49 Cars 2	7	7
2018-07-03 22:14:49 Cars 3	6	6
2018-07-03 22:14:49 Cendrillon 1	0	6
2018-07-03 22:14:49 Cendrillon 2, une vie de princesse
2018-07-03 22:14:49 Cendrillon 3, le sortilège de Cendrillon
2018-07-03 22:14:49 Chasseur de dragon
2018-07-03 22:14:49 Chicken Little	7	7
2018-07-03 22:14:49 Chicken Run	7	10
2018-07-03 22:14:49 Clochette 1
2018-07-03 22:14:49 Clochette 2 et la Pierre de lune
2018-07-03 22:14:49 Clochette 3 et l'Expédition féerique
2018-07-03 22:14:49 Clochette 4 Le Tournoi Des Fées
2018-07-03 22:14:49 Clochette 5 et le secret des fées	0	5
2018-07-03 22:14:49 Clochette 6 et la fée pirate	0	6
2018-07-03 22:14:49 Clochette 7 et la créature légendaire
2018-07-03 22:14:49 Coco	6	8
2018-07-03 22:14:49 Comme des bêtes	0	6
2018-07-03 22:14:49 Coquin de Printemps
2018-07-03 22:14:49 Coraline	7	7
2018-07-03 22:14:49 Cro Man	6	8
2018-07-03 22:14:49 Dingo et Max 1	7	9
2018-07-03 22:14:49 Dingo et Max 2 - Les sportifs de l'extrême
2018-07-03 22:14:49 Dinosaure	10	10
2018-07-03 22:14:49 Dumbo
2018-07-03 22:14:49 En route	0	6
2018-07-03 22:14:49 Fantasia	0	7
2018-07-03 22:14:49 Fantasia 2000	0	7
2018-07-03 22:14:49 Fantastic Mr Fox.VOSTFR
2018-07-03 22:14:49 Ferdinand	6	6
2018-07-03 22:14:49 Frère des ours 1
2018-07-03 22:14:49 Frère des ours 1 (24min petite)
2018-07-03 22:14:49 Frère des ours 2
2018-07-03 22:14:49 Gang de Requins	0	7
2018-07-03 22:14:49 Gruffalo
2018-07-03 22:14:49 Hercule	12	12
2018-07-03 22:14:49 Hotel Transylvania 1	6	8
2018-07-03 22:14:49 Hotel Transylvania 2	6	8
2018-07-03 22:14:49 How to train your dragon 1
2018-07-03 22:14:49 How to train your dragon 2
2018-07-03 22:14:49 Jack et la mécanique du coeur
2018-07-03 22:14:49 Khumba
2018-07-03 22:14:49 Kung fu Panda 1	0	6
2018-07-03 22:14:49 Kung fu Panda 2	7	7
2018-07-03 22:14:49 Kung fu Panda 3	0	6
2018-07-03 22:14:49 Kung fu Panda, les secrets du rouleau
2018-07-03 22:14:49 Kuzco 1 l'empereur megalo
2018-07-03 22:14:49 Kuzco 2 King Kronk
2018-07-03 22:14:49 L'âge de glace 1
2018-07-03 22:14:49 L'âge de glace 2	7	7
2018-07-03 22:14:49 L'âge de glace 3
2018-07-03 22:14:49 L'âge de glace 3.5, un noël de mammouths
2018-07-03 22:14:49 L'âge de glace 4, la dérive des continents
2018-07-03 22:14:49 L'âge de glace 5, les lois de l'Univers
2018-07-03 22:14:49 La Belle au bois dormant
2018-07-03 22:14:49 La Belle et la Bête 1	8	10
2018-07-03 22:14:49 La Belle et la Bête 2 - Le Noël enchanté
2018-07-03 22:14:49 La Belle et le clochard 1
2018-07-03 22:14:49 La Belle et le clochard 2
2018-07-03 22:14:49 La Reine des neiges	6	8
2018-07-03 22:14:49 La Reine des neiges - Une fête givrée
2018-07-03 22:14:49 La bande à Picsou, le trésor de la lampe perdue
2018-07-03 22:14:49 La boite à Musique
2018-07-03 22:14:49 La ferme se rebelle
2018-07-03 22:14:49 La légende de Manolo	6	8
2018-07-03 22:14:49 La petite sirène 0, le secret de la Petite Sirène 
2018-07-03 22:14:49 La petite sirène 1
2018-07-03 22:14:49 La petite sirène 2, retour à l'océan
2018-07-03 22:14:49 La planète au trésor, un nouvel univers
2018-07-03 22:14:49 La princesse et la grenouille
2018-07-03 22:14:49 Le Bossu de Notre-Dame 1	7	10
2018-07-03 22:14:49 Le Bossu de Notre-Dame 2	7	10
2018-07-03 22:14:49 Le Chat Potté et les Trois Petits Diables
2018-07-03 22:14:49 Le Lorax	0	5
2018-07-03 22:14:49 Le Petit Prince	6	10
2018-07-03 22:14:49 Le Roi Lion 1
2018-07-03 22:14:49 Le Roi Lion 2, l'honneur de la tribu
2018-07-03 22:14:49 Le Roi Lion 3, Hakuna Matata
2018-07-03 22:14:49 Le chat potté	7	7
2018-07-03 22:14:49 Le livre de la jungle 1	8	10
2018-07-03 22:14:49 Le livre de la jungle 2	8	10
2018-07-03 22:14:49 Le monde de Dory	0	6
2018-07-03 22:14:49 Le noël de Mickey
2018-07-03 22:14:49 Le voyage d'Arlo	6	8
2018-07-03 22:14:49 Le voyage de Chihiro
2018-07-03 22:14:49 Le voyage extraordinaire de Samy
2018-07-03 22:14:49 Lego - la grande aventure
2018-07-03 22:14:49 Lego Batman - The movie DC superheroes unit
2018-07-03 22:14:49 Leroy & Stich
2018-07-03 22:14:49 Les 101 dalmatiens 1	7	7
2018-07-03 22:14:49 Les 101 dalmatiens 2, sur la trace des héros
2018-07-03 22:14:49 Les 3 Caballeros
2018-07-03 22:14:49 Les 5 légendes
2018-07-03 22:14:49 Les Aristochats
2018-07-03 22:14:49 Les Croods	8	8
2018-07-03 22:14:49 Les Indestructibles	8	12
2018-07-03 22:14:49 Les Minions	6	6
2018-07-03 22:14:49 Les aventures de Tigrou et de Winnie l'ourson	0	5
2018-07-03 22:14:49 Les mondes de Ralph	7	7
2018-07-03 22:14:49 Les nouveaux héros	6	6
2018-07-03 22:14:49 Les rebelles de la forêt 1
2018-07-03 22:14:49 Les rebelles de la forêt 2
2018-07-03 22:14:49 Les rebelles de la forêt 4
2018-07-03 22:14:49 Lilo & Stitch 1
2018-07-03 22:14:49 Lilo & Stitch 1.5, Stitch, le film
2018-07-03 22:14:49 Lilo & Stitch 2, Hawaï, nous avons un problème !
2018-07-03 22:14:49 Là-haut	0	7
2018-07-03 22:14:49 Madagascar 1	12	16
2018-07-03 22:14:49 Madagascar 2, la grande évasion
2018-07-03 22:14:49 Madagascar 3 Europes most wanted
2018-07-03 22:14:49 Magician Mickey (1937)
2018-07-03 22:14:49 Mary Poppins
2018-07-03 22:14:49 Mary et la fleur de la sorcière
2018-07-03 22:14:49 Maya the bee movie
2018-07-03 22:14:49 Melodie du Sud
2018-07-03 22:14:49 Merlin l'enchenteur
2018-07-03 22:14:49 Mickey, Donald, Dingo, les trois mousquetaires
2018-07-03 22:14:49 Mickey, il était une fois Noël
2018-07-03 22:14:49 Moi, moche et méchant 1
2018-07-03 22:14:49 Moi, moche et méchant 2	6	6
2018-07-03 22:14:49 Moi, moche et méchant 3	6	6
2018-07-03 22:14:49 Mon voisin Totoro
2018-07-03 22:14:49 Monsters University
2018-07-03 22:14:49 Monstres & cie	7	7
2018-07-03 22:14:49 Mulan 1	7	10
2018-07-03 22:14:49 Mulan 2, la mission de l'Empereur
2018-07-03 22:14:49 Mune, le gardien de la lune	8	10
2018-07-03 22:14:49 Nemo
2018-07-03 22:14:49 Oliver et compagnie	7	7
2018-07-03 22:14:49 Opération casse noisettes
2018-07-03 22:14:49 Penguins of Madagascar New to the Zoo
2018-07-03 22:14:49 Peter Pan 1	7	10
2018-07-03 22:14:49 Peter Pan 2	7	10
2018-07-03 22:14:49 Pinocchio	7	7
2018-07-03 22:14:49 Planes 1	6	6
2018-07-03 22:14:49 Planes 2 fire and rescue
2018-07-03 22:14:49 Pocahontas 1, une légende indienne
2018-07-03 22:14:49 Pocahontas 2, un monde nouveau
2018-07-03 22:14:49 Polux Le Manége Enchanté
2018-07-03 22:14:49 Pourquoi j'ai pas mangé mon père	6	8
2018-07-03 22:14:49 Qui veut la peau de Roger Rabbit	10	10
2018-07-03 22:14:49 Raiponce	7	7
2018-07-03 22:14:49 Ratatouille	0	7
2018-07-03 22:14:49 Rebelle	7	7
2018-07-03 22:14:49 Rio 2	6	6
2018-07-03 22:14:49 Robin des bois	12	14
2018-07-03 22:14:49 Robots	7	7
2018-07-03 22:14:49 Rox et Rouky 1	7	7
2018-07-03 22:14:49 Rox et Rouky 2	7	7
2018-07-03 22:14:49 Saludos Amigos
2018-07-03 22:14:49 Sammy 2	0	7
2018-07-03 22:14:49 Schtroumpfs 2	6	6
2018-07-03 22:14:49 Schtroumpfs 3 et le village perdu
2018-07-03 22:14:49 Shaun le mouton	0	6
2018-07-03 22:14:49 Shrek 1	7	7
2018-07-03 22:14:49 Shrek 2	7	7
2018-07-03 22:14:49 Shrek 3, le troisième
2018-07-03 22:14:49 Shrek 4, il était une fin
2018-07-03 22:14:49 THoM
2018-07-03 22:14:49 Tad (1) l'explorateur à la recherche de la cité perdue
2018-07-03 22:14:49 Tad (2) et le secret du roi Midas
2018-07-03 22:14:49 Taram et le chaudron magique	7	7
2018-07-03 22:14:49 Tarzan	8	10
2018-07-03 22:14:49 Tempête de boulettes géantes 2	6	6
2018-07-03 22:14:49 The Jungle Book
2018-07-03 22:14:49 The Mouse Hunt (1931)
2018-07-03 22:14:49 The Pirates Band of Misfits
2018-07-03 22:14:49 The Snow Queen, la reine des neiges de Maxim Sveshnikov
2018-07-03 22:14:49 Toy Story 1	0	7
2018-07-03 22:14:49 Toy story 2	7	7
2018-07-03 22:14:49 Toy story 3	0	7
2018-07-03 22:14:49 Trolls
2018-07-03 22:14:49 Turbo	6	6
2018-07-03 22:14:49 Un monstre à Paris	7	7
2018-07-03 22:14:49 Vaiana, la légende du bout du monde	6	8
2018-07-03 22:14:49 Vice-Versa	6	10
2018-07-03 22:14:49 Volt, star malgré lui	7	7
2018-07-03 22:14:49 Wall-E	0	10
2018-07-03 22:14:49 Walt Disney - Contes et Légendes 1
2018-07-03 22:14:49 Walt Disney - Contes et Légendes 2
2018-07-03 22:14:49 Walt Disney - Contes et Légendes 3
2018-07-03 22:14:49 Walt Disney - Contes et Légendes 4
2018-07-03 22:14:49 Walt Disney - Contes et Légendes 5
2018-07-03 22:14:49 Walt Disney - Contes et Légendes 6
2018-07-03 22:14:49 Winnie l'ourson	0	5
2018-07-03 22:14:49 Zootopia	6	6
2018-07-03 22:16:31 Age cache to add in: D:\Nos Documents\Commun\Loisirs\Films\ages.cache
2018-07-03 22:16:31 1001 pattes
2018-07-03 22:16:31 Akira
2018-07-03 22:16:31 Aladdin 1	7	7
2018-07-03 22:16:31 Aladdin 2, le retour de Jafar
2018-07-03 22:16:31 Aladdin 3 Aladdin et le roi des voleurs
2018-07-03 22:16:31 Alice aux pays des merveilles
2018-07-03 22:16:31 Anastasia	7	10
2018-07-03 22:16:31 Asterix chez les Bretons
2018-07-03 22:16:31 Asterix et Cléopatre
2018-07-03 22:16:31 Asterix le gaulois
2018-07-03 22:16:31 Asterix.Bretons
2018-07-03 22:16:31 Asterix.Indiens (1994)
2018-07-03 22:16:31 Asterix.Vikings
2018-07-03 22:16:31 Astérix et la surprise de César	7	7
2018-07-03 22:16:31 Astérix et le coup du menhir	7	7
2018-07-03 22:16:31 Astérix, Le Domaine des dieux
2018-07-03 22:16:31 Astérix, les 12 travaux d'Asterix
2018-07-03 22:16:31 Atlantide, l'empire perdu	7	10
2018-07-03 22:16:31 Baby Boss	6	8
2018-07-03 22:16:31 Ballerina	6	8
2018-07-03 22:16:31 Bambi 1	0	0
2018-07-03 22:16:31 Bambi 2	0	0
2018-07-03 22:16:31 Barbie 01 - Rêve de danseuse étoile
2018-07-03 22:16:31 Basil, détective privé	7	7
2018-07-03 22:16:31 Bee Movie
2018-07-03 22:16:31 Bernard et Bianca 1	7	7
2018-07-03 22:16:31 Bernard et Bianca 2 au pays des kangourous	7	7
2018-07-03 22:16:31 Bienvenue chez les Robinson
2018-07-03 22:16:31 Blanche Neige et les 7 nains
2018-07-03 22:16:31 Buzz l'eclair le film, le début des aventures
2018-07-03 22:16:31 Capitaine superslip
2018-07-03 22:16:31 Cars 1	6	6
2018-07-03 22:16:31 Cars 2	7	7
2018-07-03 22:16:31 Cars 3	6	6
2018-07-03 22:16:31 Cendrillon 1	0	6
2018-07-03 22:16:31 Cendrillon 2, une vie de princesse
2018-07-03 22:16:31 Cendrillon 3, le sortilège de Cendrillon
2018-07-03 22:16:31 Chasseur de dragon
2018-07-03 22:16:31 Chicken Little	7	7
2018-07-03 22:16:31 Chicken Run	7	10
2018-07-03 22:16:31 Clochette 1
2018-07-03 22:16:31 Clochette 2 et la Pierre de lune
2018-07-03 22:16:31 Clochette 3 et l'Expédition féerique
2018-07-03 22:16:31 Clochette 4 Le Tournoi Des Fées
2018-07-03 22:16:31 Clochette 5 et le secret des fées	0	5
2018-07-03 22:16:31 Clochette 6 et la fée pirate	0	6
2018-07-03 22:16:31 Clochette 7 et la créature légendaire
2018-07-03 22:16:31 Coco	6	8
2018-07-03 22:16:31 Comme des bêtes	0	6
2018-07-03 22:16:31 Coquin de Printemps
2018-07-03 22:16:31 Coraline	7	7
2018-07-03 22:16:31 Cro Man	6	8
2018-07-03 22:16:31 Dingo et Max 1	7	9
2018-07-03 22:16:31 Dingo et Max 2 - Les sportifs de l'extrême
2018-07-03 22:16:31 Dinosaure	10	10
2018-07-03 22:16:31 Dumbo
2018-07-03 22:16:31 En route	0	6
2018-07-03 22:16:31 Fantasia	0	7
2018-07-03 22:16:31 Fantasia 2000	0	7
2018-07-03 22:16:31 Fantastic Mr Fox.VOSTFR
2018-07-03 22:16:31 Ferdinand	6	6
2018-07-03 22:16:31 Frère des ours 1
2018-07-03 22:16:31 Frère des ours 1 (24min petite)
2018-07-03 22:16:31 Frère des ours 2
2018-07-03 22:16:31 Gang de Requins	0	7
2018-07-03 22:16:31 Gruffalo
2018-07-03 22:16:31 Hercule	12	12
2018-07-03 22:16:31 Hotel Transylvania 1	6	8
2018-07-03 22:16:31 Hotel Transylvania 2	6	8
2018-07-03 22:16:31 How to train your dragon 1
2018-07-03 22:16:31 How to train your dragon 2
2018-07-03 22:16:31 Jack et la mécanique du coeur
2018-07-03 22:16:31 Khumba
2018-07-03 22:16:31 Kung fu Panda 1	0	6
2018-07-03 22:16:31 Kung fu Panda 2	7	7
2018-07-03 22:16:31 Kung fu Panda 3	0	6
2018-07-03 22:16:31 Kung fu Panda, les secrets du rouleau
2018-07-03 22:16:31 Kuzco 1 l'empereur megalo
2018-07-03 22:16:31 Kuzco 2 King Kronk
2018-07-03 22:16:31 L'âge de glace 1
2018-07-03 22:16:31 L'âge de glace 2	7	7
2018-07-03 22:16:31 L'âge de glace 3
2018-07-03 22:16:31 L'âge de glace 3.5, un noël de mammouths
2018-07-03 22:16:31 L'âge de glace 4, la dérive des continents
2018-07-03 22:16:31 L'âge de glace 5, les lois de l'Univers
2018-07-03 22:16:31 La Belle au bois dormant
2018-07-03 22:16:31 La Belle et la Bête 1	8	10
2018-07-03 22:16:31 La Belle et la Bête 2 - Le Noël enchanté
2018-07-03 22:16:31 La Belle et le clochard 1
2018-07-03 22:16:31 La Belle et le clochard 2
2018-07-03 22:16:31 La Reine des neiges	6	8
2018-07-03 22:16:31 La Reine des neiges - Une fête givrée
2018-07-03 22:16:31 La bande à Picsou, le trésor de la lampe perdue
2018-07-03 22:16:31 La boite à Musique
2018-07-03 22:16:31 La ferme se rebelle
2018-07-03 22:16:31 La légende de Manolo	6	8
2018-07-03 22:16:31 La petite sirène 0, le secret de la Petite Sirène 
2018-07-03 22:16:31 La petite sirène 1
2018-07-03 22:16:31 La petite sirène 2, retour à l'océan
2018-07-03 22:16:31 La planète au trésor, un nouvel univers
2018-07-03 22:16:31 La princesse et la grenouille
2018-07-03 22:16:31 Le Bossu de Notre-Dame 1	7	10
2018-07-03 22:16:31 Le Bossu de Notre-Dame 2	7	10
2018-07-03 22:16:31 Le Chat Potté et les Trois Petits Diables
2018-07-03 22:16:31 Le Lorax	0	5
2018-07-03 22:16:31 Le Petit Prince	6	10
2018-07-03 22:16:31 Le Roi Lion 1
2018-07-03 22:16:31 Le Roi Lion 2, l'honneur de la tribu
2018-07-03 22:16:31 Le Roi Lion 3, Hakuna Matata
2018-07-03 22:16:31 Le chat potté	7	7
2018-07-03 22:16:31 Le livre de la jungle 1	8	10
2018-07-03 22:16:31 Le livre de la jungle 2	8	10
2018-07-03 22:16:31 Le monde de Dory	0	6
2018-07-03 22:16:31 Le noël de Mickey
2018-07-03 22:16:31 Le voyage d'Arlo	6	8
2018-07-03 22:16:31 Le voyage de Chihiro
2018-07-03 22:16:31 Le voyage extraordinaire de Samy
2018-07-03 22:16:31 Lego - la grande aventure
2018-07-03 22:16:31 Lego Batman - The movie DC superheroes unit
2018-07-03 22:16:31 Leroy & Stich
2018-07-03 22:16:31 Les 101 dalmatiens 1	7	7
2018-07-03 22:16:31 Les 101 dalmatiens 2, sur la trace des héros
2018-07-03 22:16:31 Les 3 Caballeros
2018-07-03 22:16:31 Les 5 légendes
2018-07-03 22:16:31 Les Aristochats
2018-07-03 22:16:31 Les Croods	8	8
2018-07-03 22:16:31 Les Indestructibles	8	12
2018-07-03 22:16:31 Les Minions	6	6
2018-07-03 22:16:31 Les aventures de Tigrou et de Winnie l'ourson	0	5
2018-07-03 22:16:31 Les mondes de Ralph	7	7
2018-07-03 22:16:31 Les nouveaux héros	6	6
2018-07-03 22:16:31 Les rebelles de la forêt 1
2018-07-03 22:16:31 Les rebelles de la forêt 2
2018-07-03 22:16:31 Les rebelles de la forêt 4
2018-07-03 22:16:31 Lilo & Stitch 1
2018-07-03 22:16:31 Lilo & Stitch 1.5, Stitch, le film
2018-07-03 22:16:31 Lilo & Stitch 2, Hawaï, nous avons un problème !
2018-07-03 22:16:31 Là-haut	0	7
2018-07-03 22:16:31 Madagascar 1	12	16
2018-07-03 22:16:31 Madagascar 2, la grande évasion
2018-07-03 22:16:31 Madagascar 3 Europes most wanted
2018-07-03 22:16:31 Magician Mickey (1937)
2018-07-03 22:16:31 Mary Poppins
2018-07-03 22:16:31 Mary et la fleur de la sorcière
2018-07-03 22:16:31 Maya the bee movie
2018-07-03 22:16:31 Melodie du Sud
2018-07-03 22:16:31 Merlin l'enchenteur
2018-07-03 22:16:31 Mickey, Donald, Dingo, les trois mousquetaires
2018-07-03 22:16:31 Mickey, il était une fois Noël
2018-07-03 22:16:31 Moi, moche et méchant 1
2018-07-03 22:16:31 Moi, moche et méchant 2	6	6
2018-07-03 22:16:31 Moi, moche et méchant 3	6	6
2018-07-03 22:16:31 Mon voisin Totoro
2018-07-03 22:16:31 Monsters University
2018-07-03 22:16:31 Monstres & cie	7	7
2018-07-03 22:16:31 Mulan 1	7	10
2018-07-03 22:16:31 Mulan 2, la mission de l'Empereur
2018-07-03 22:16:31 Mune, le gardien de la lune	8	10
2018-07-03 22:16:31 Nemo
2018-07-03 22:16:31 Oliver et compagnie	7	7
2018-07-03 22:16:31 Opération casse noisettes
2018-07-03 22:16:31 Penguins of Madagascar New to the Zoo
2018-07-03 22:16:31 Peter Pan 1	7	10
2018-07-03 22:16:31 Peter Pan 2	7	10
2018-07-03 22:16:31 Pinocchio	7	7
2018-07-03 22:16:31 Planes 1	6	6
2018-07-03 22:16:31 Planes 2 fire and rescue
2018-07-03 22:16:31 Pocahontas 1, une légende indienne
2018-07-03 22:16:31 Pocahontas 2, un monde nouveau
2018-07-03 22:16:31 Polux Le Manége Enchanté
2018-07-03 22:16:31 Pourquoi j'ai pas mangé mon père	6	8
2018-07-03 22:16:31 Qui veut la peau de Roger Rabbit	10	10
2018-07-03 22:16:31 Raiponce	7	7
2018-07-03 22:16:31 Ratatouille	0	7
2018-07-03 22:16:31 Rebelle	7	7
2018-07-03 22:16:31 Rio 2	6	6
2018-07-03 22:16:31 Robin des bois	12	14
2018-07-03 22:16:31 Robots	7	7
2018-07-03 22:16:31 Rox et Rouky 1	7	7
2018-07-03 22:16:31 Rox et Rouky 2	7	7
2018-07-03 22:16:31 Saludos Amigos
2018-07-03 22:16:31 Sammy 2	0	7
2018-07-03 22:16:31 Schtroumpfs 2	6	6
2018-07-03 22:16:31 Schtroumpfs 3 et le village perdu
2018-07-03 22:16:31 Shaun le mouton	0	6
2018-07-03 22:16:31 Shrek 1	7	7
2018-07-03 22:16:31 Shrek 2	7	7
2018-07-03 22:16:31 Shrek 3, le troisième
2018-07-03 22:16:31 Shrek 4, il était une fin
2018-07-03 22:16:31 THoM
2018-07-03 22:16:31 Tad (1) l'explorateur à la recherche de la cité perdue
2018-07-03 22:16:31 Tad (2) et le secret du roi Midas
2018-07-03 22:16:31 Taram et le chaudron magique	7	7
2018-07-03 22:16:31 Tarzan	8	10
2018-07-03 22:16:31 Tempête de boulettes géantes 2	6	6
2018-07-03 22:16:31 The Jungle Book
2018-07-03 22:16:31 The Mouse Hunt (1931)
2018-07-03 22:16:31 The Pirates Band of Misfits
2018-07-03 22:16:31 The Snow Queen, la reine des neiges de Maxim Sveshnikov
2018-07-03 22:16:31 Toy Story 1	0	7
2018-07-03 22:16:31 Toy story 2	7	7
2018-07-03 22:16:31 Toy story 3	0	7
2018-07-03 22:16:31 Trolls
2018-07-03 22:16:31 Turbo	6	6
2018-07-03 22:16:31 Un monstre à Paris	7	7
2018-07-03 22:16:31 Vaiana, la légende du bout du monde	6	8
2018-07-03 22:16:31 Vice-Versa	6	10
2018-07-03 22:16:31 Volt, star malgré lui	7	7
2018-07-03 22:16:31 Wall-E	0	10
2018-07-03 22:16:31 Walt Disney - Contes et Légendes 1
2018-07-03 22:16:31 Walt Disney - Contes et Légendes 2
2018-07-03 22:16:31 Walt Disney - Contes et Légendes 3
2018-07-03 22:16:31 Walt Disney - Contes et Légendes 4
2018-07-03 22:16:31 Walt Disney - Contes et Légendes 5
2018-07-03 22:16:31 Walt Disney - Contes et Légendes 6
2018-07-03 22:16:31 Winnie l'ourson	0	5
2018-07-03 22:16:31 Zootopia	6	6
2018-07-03 22:16:33 Age cache to add in: D:\Nos Documents\Commun\Loisirs\Films\ages.cache
2018-07-03 22:16:33 1001 pattes
2018-07-03 22:16:33 Akira
2018-07-03 22:16:33 Aladdin 1	7	7
2018-07-03 22:16:33 Aladdin 2, le retour de Jafar
2018-07-03 22:16:33 Aladdin 3 Aladdin et le roi des voleurs
2018-07-03 22:16:33 Alice aux pays des merveilles
2018-07-03 22:16:33 Anastasia	7	10
2018-07-03 22:16:33 Asterix chez les Bretons
2018-07-03 22:16:33 Asterix et Cléopatre
2018-07-03 22:16:33 Asterix le gaulois
2018-07-03 22:16:33 Asterix.Bretons
2018-07-03 22:16:33 Asterix.Indiens (1994)
2018-07-03 22:16:33 Asterix.Vikings
2018-07-03 22:16:33 Astérix et la surprise de César	7	7
2018-07-03 22:16:33 Astérix et le coup du menhir	7	7
2018-07-03 22:16:33 Astérix, Le Domaine des dieux
2018-07-03 22:16:33 Astérix, les 12 travaux d'Asterix
2018-07-03 22:16:33 Atlantide, l'empire perdu	7	10
2018-07-03 22:16:33 Baby Boss	6	8
2018-07-03 22:16:33 Ballerina	6	8
2018-07-03 22:16:33 Bambi 1	0	0
2018-07-03 22:16:33 Bambi 2	0	0
2018-07-03 22:16:33 Barbie 01 - Rêve de danseuse étoile
2018-07-03 22:16:33 Basil, détective privé	7	7
2018-07-03 22:16:33 Bee Movie
2018-07-03 22:16:33 Bernard et Bianca 1	7	7
2018-07-03 22:16:33 Bernard et Bianca 2 au pays des kangourous	7	7
2018-07-03 22:16:33 Bienvenue chez les Robinson
2018-07-03 22:16:33 Blanche Neige et les 7 nains
2018-07-03 22:16:33 Buzz l'eclair le film, le début des aventures
2018-07-03 22:16:33 Capitaine superslip
2018-07-03 22:16:33 Cars 1	6	6
2018-07-03 22:16:33 Cars 2	7	7
2018-07-03 22:16:33 Cars 3	6	6
2018-07-03 22:16:33 Cendrillon 1	0	6
2018-07-03 22:16:33 Cendrillon 2, une vie de princesse
2018-07-03 22:16:33 Cendrillon 3, le sortilège de Cendrillon
2018-07-03 22:16:33 Chasseur de dragon
2018-07-03 22:16:33 Chicken Little	7	7
2018-07-03 22:16:33 Chicken Run	7	10
2018-07-03 22:16:33 Clochette 1
2018-07-03 22:16:33 Clochette 2 et la Pierre de lune
2018-07-03 22:16:33 Clochette 3 et l'Expédition féerique
2018-07-03 22:16:33 Clochette 4 Le Tournoi Des Fées
2018-07-03 22:16:33 Clochette 5 et le secret des fées	0	5
2018-07-03 22:16:33 Clochette 6 et la fée pirate	0	6
2018-07-03 22:16:33 Clochette 7 et la créature légendaire
2018-07-03 22:16:33 Coco	6	8
2018-07-03 22:16:33 Comme des bêtes	0	6
2018-07-03 22:16:33 Coquin de Printemps
2018-07-03 22:16:33 Coraline	7	7
2018-07-03 22:16:33 Cro Man	6	8
2018-07-03 22:16:33 Dingo et Max 1	7	9
2018-07-03 22:16:33 Dingo et Max 2 - Les sportifs de l'extrême
2018-07-03 22:16:33 Dinosaure	10	10
2018-07-03 22:16:33 Dumbo
2018-07-03 22:16:33 En route	0	6
2018-07-03 22:16:33 Fantasia	0	7
2018-07-03 22:16:33 Fantasia 2000	0	7
2018-07-03 22:16:33 Fantastic Mr Fox.VOSTFR
2018-07-03 22:16:33 Ferdinand	6	6
2018-07-03 22:16:33 Frère des ours 1
2018-07-03 22:16:33 Frère des ours 1 (24min petite)
2018-07-03 22:16:33 Frère des ours 2
2018-07-03 22:16:33 Gang de Requins	0	7
2018-07-03 22:16:33 Gruffalo
2018-07-03 22:16:33 Hercule	12	12
2018-07-03 22:16:33 Hotel Transylvania 1	6	8
2018-07-03 22:16:33 Hotel Transylvania 2	6	8
2018-07-03 22:16:33 How to train your dragon 1
2018-07-03 22:16:33 How to train your dragon 2
2018-07-03 22:16:33 Jack et la mécanique du coeur
2018-07-03 22:16:33 Khumba
2018-07-03 22:16:33 Kung fu Panda 1	0	6
2018-07-03 22:16:33 Kung fu Panda 2	7	7
2018-07-03 22:16:33 Kung fu Panda 3	0	6
2018-07-03 22:16:33 Kung fu Panda, les secrets du rouleau
2018-07-03 22:16:33 Kuzco 1 l'empereur megalo
2018-07-03 22:16:33 Kuzco 2 King Kronk
2018-07-03 22:16:33 L'âge de glace 1
2018-07-03 22:16:33 L'âge de glace 2	7	7
2018-07-03 22:16:33 L'âge de glace 3
2018-07-03 22:16:33 L'âge de glace 3.5, un noël de mammouths
2018-07-03 22:16:33 L'âge de glace 4, la dérive des continents
2018-07-03 22:16:33 L'âge de glace 5, les lois de l'Univers
2018-07-03 22:16:33 La Belle au bois dormant
2018-07-03 22:16:33 La Belle et la Bête 1	8	10
2018-07-03 22:16:33 La Belle et la Bête 2 - Le Noël enchanté
2018-07-03 22:16:33 La Belle et le clochard 1
2018-07-03 22:16:33 La Belle et le clochard 2
2018-07-03 22:16:33 La Reine des neiges	6	8
2018-07-03 22:16:33 La Reine des neiges - Une fête givrée
2018-07-03 22:16:33 La bande à Picsou, le trésor de la lampe perdue
2018-07-03 22:16:33 La boite à Musique
2018-07-03 22:16:33 La ferme se rebelle
2018-07-03 22:16:33 La légende de Manolo	6	8
2018-07-03 22:16:33 La petite sirène 0, le secret de la Petite Sirène 
2018-07-03 22:16:33 La petite sirène 1
2018-07-03 22:16:33 La petite sirène 2, retour à l'océan
2018-07-03 22:16:33 La planète au trésor, un nouvel univers
2018-07-03 22:16:33 La princesse et la grenouille
2018-07-03 22:16:33 Le Bossu de Notre-Dame 1	7	10
2018-07-03 22:16:33 Le Bossu de Notre-Dame 2	7	10
2018-07-03 22:16:33 Le Chat Potté et les Trois Petits Diables
2018-07-03 22:16:33 Le Lorax	0	5
2018-07-03 22:16:33 Le Petit Prince	6	10
2018-07-03 22:16:33 Le Roi Lion 1
2018-07-03 22:16:33 Le Roi Lion 2, l'honneur de la tribu
2018-07-03 22:16:33 Le Roi Lion 3, Hakuna Matata
2018-07-03 22:16:33 Le chat potté	7	7
2018-07-03 22:16:33 Le livre de la jungle 1	8	10
2018-07-03 22:16:33 Le livre de la jungle 2	8	10
2018-07-03 22:16:33 Le monde de Dory	0	6
2018-07-03 22:16:33 Le noël de Mickey
2018-07-03 22:16:33 Le voyage d'Arlo	6	8
2018-07-03 22:16:33 Le voyage de Chihiro
2018-07-03 22:16:33 Le voyage extraordinaire de Samy
2018-07-03 22:16:33 Lego - la grande aventure
2018-07-03 22:16:33 Lego Batman - The movie DC superheroes unit
2018-07-03 22:16:33 Leroy & Stich
2018-07-03 22:16:33 Les 101 dalmatiens 1	7	7
2018-07-03 22:16:33 Les 101 dalmatiens 2, sur la trace des héros
2018-07-03 22:16:33 Les 3 Caballeros
2018-07-03 22:16:33 Les 5 légendes
2018-07-03 22:16:33 Les Aristochats
2018-07-03 22:16:33 Les Croods	8	8
2018-07-03 22:16:33 Les Indestructibles	8	12
2018-07-03 22:16:33 Les Minions	6	6
2018-07-03 22:16:33 Les aventures de Tigrou et de Winnie l'ourson	0	5
2018-07-03 22:16:33 Les mondes de Ralph	7	7
2018-07-03 22:16:33 Les nouveaux héros	6	6
2018-07-03 22:16:33 Les rebelles de la forêt 1
2018-07-03 22:16:33 Les rebelles de la forêt 2
2018-07-03 22:16:33 Les rebelles de la forêt 4
2018-07-03 22:16:33 Lilo & Stitch 1
2018-07-03 22:16:33 Lilo & Stitch 1.5, Stitch, le film
2018-07-03 22:16:33 Lilo & Stitch 2, Hawaï, nous avons un problème !
2018-07-03 22:16:33 Là-haut	0	7
2018-07-03 22:16:33 Madagascar 1	12	16
2018-07-03 22:16:33 Madagascar 2, la grande évasion
2018-07-03 22:16:33 Madagascar 3 Europes most wanted
2018-07-03 22:16:33 Magician Mickey (1937)
2018-07-03 22:16:33 Mary Poppins
2018-07-03 22:16:33 Mary et la fleur de la sorcière
2018-07-03 22:16:33 Maya the bee movie
2018-07-03 22:16:33 Melodie du Sud
2018-07-03 22:16:33 Merlin l'enchenteur
2018-07-03 22:16:33 Mickey, Donald, Dingo, les trois mousquetaires
2018-07-03 22:16:33 Mickey, il était une fois Noël
2018-07-03 22:16:33 Moi, moche et méchant 1
2018-07-03 22:16:33 Moi, moche et méchant 2	6	6
2018-07-03 22:16:33 Moi, moche et méchant 3	6	6
2018-07-03 22:16:33 Mon voisin Totoro
2018-07-03 22:16:33 Monsters University
2018-07-03 22:16:33 Monstres & cie	7	7
2018-07-03 22:16:33 Mulan 1	7	10
2018-07-03 22:16:33 Mulan 2, la mission de l'Empereur
2018-07-03 22:16:33 Mune, le gardien de la lune	8	10
2018-07-03 22:16:33 Nemo
2018-07-03 22:16:33 Oliver et compagnie	7	7
2018-07-03 22:16:33 Opération casse noisettes
2018-07-03 22:16:33 Penguins of Madagascar New to the Zoo
2018-07-03 22:16:33 Peter Pan 1	7	10
2018-07-03 22:16:33 Peter Pan 2	7	10
2018-07-03 22:16:33 Pinocchio	7	7
2018-07-03 22:16:33 Planes 1	6	6
2018-07-03 22:16:33 Planes 2 fire and rescue
2018-07-03 22:16:33 Pocahontas 1, une légende indienne
2018-07-03 22:16:33 Pocahontas 2, un monde nouveau
2018-07-03 22:16:33 Polux Le Manége Enchanté
2018-07-03 22:16:33 Pourquoi j'ai pas mangé mon père	6	8
2018-07-03 22:16:33 Qui veut la peau de Roger Rabbit	10	10
2018-07-03 22:16:33 Raiponce	7	7
2018-07-03 22:16:33 Ratatouille	0	7
2018-07-03 22:16:33 Rebelle	7	7
2018-07-03 22:16:33 Rio 2	6	6
2018-07-03 22:16:33 Robin des bois	12	14
2018-07-03 22:16:33 Robots	7	7
2018-07-03 22:16:33 Rox et Rouky 1	7	7
2018-07-03 22:16:33 Rox et Rouky 2	7	7
2018-07-03 22:16:33 Saludos Amigos
2018-07-03 22:16:33 Sammy 2	0	7
2018-07-03 22:16:33 Schtroumpfs 2	6	6
2018-07-03 22:16:33 Schtroumpfs 3 et le village perdu
2018-07-03 22:16:33 Shaun le mouton	0	6
2018-07-03 22:16:33 Shrek 1	7	7
2018-07-03 22:16:33 Shrek 2	7	7
2018-07-03 22:16:33 Shrek 3, le troisième
2018-07-03 22:16:33 Shrek 4, il était une fin
2018-07-03 22:16:33 THoM
2018-07-03 22:16:33 Tad (1) l'explorateur à la recherche de la cité perdue
2018-07-03 22:16:33 Tad (2) et le secret du roi Midas
2018-07-03 22:16:33 Taram et le chaudron magique	7	7
2018-07-03 22:16:33 Tarzan	8	10
2018-07-03 22:16:33 Tempête de boulettes géantes 2	6	6
2018-07-03 22:16:33 The Jungle Book
2018-07-03 22:16:33 The Mouse Hunt (1931)
2018-07-03 22:16:33 The Pirates Band of Misfits
2018-07-03 22:16:33 The Snow Queen, la reine des neiges de Maxim Sveshnikov
2018-07-03 22:16:33 Toy Story 1	0	7
2018-07-03 22:16:33 Toy story 2	7	7
2018-07-03 22:16:33 Toy story 3	0	7
2018-07-03 22:16:33 Trolls
2018-07-03 22:16:33 Turbo	6	6
2018-07-03 22:16:33 Un monstre à Paris	7	7
2018-07-03 22:16:33 Vaiana, la légende du bout du monde	6	8
2018-07-03 22:16:33 Vice-Versa	6	10
2018-07-03 22:16:33 Volt, star malgré lui	7	7
2018-07-03 22:16:33 Wall-E	0	10
2018-07-03 22:16:33 Walt Disney - Contes et Légendes 1
2018-07-03 22:16:33 Walt Disney - Contes et Légendes 2
2018-07-03 22:16:33 Walt Disney - Contes et Légendes 3
2018-07-03 22:16:33 Walt Disney - Contes et Légendes 4
2018-07-03 22:16:33 Walt Disney - Contes et Légendes 5
2018-07-03 22:16:33 Walt Disney - Contes et Légendes 6
2018-07-03 22:16:33 Winnie l'ourson	0	5
2018-07-03 22:16:33 Zootopia	6	6
2018-07-03 22:17:21 Age cache to add in: D:\Nos Documents\Commun\Loisirs\Films\ages.cache
2018-07-03 22:17:21 1001 pattes
2018-07-03 22:17:21 Akira
2018-07-03 22:17:21 Aladdin 1	7	7
2018-07-03 22:17:21 Aladdin 2, le retour de Jafar
2018-07-03 22:17:21 Aladdin 3 Aladdin et le roi des voleurs
2018-07-03 22:17:21 Alice aux pays des merveilles
2018-07-03 22:17:21 American history X	16	16
2018-07-03 22:17:21 Anastasia	7	10
2018-07-03 22:17:21 Ant-Man 1
2018-07-03 22:17:21 Asterix chez les Bretons
2018-07-03 22:17:21 Asterix et Cléopatre
2018-07-03 22:17:21 Asterix le gaulois
2018-07-03 22:17:21 Asterix.Bretons
2018-07-03 22:17:21 Asterix.Indiens (1994)
2018-07-03 22:17:21 Asterix.Vikings
2018-07-03 22:17:21 Astérix et la surprise de César	7	7
2018-07-03 22:17:21 Astérix et le coup du menhir	7	7
2018-07-03 22:17:21 Astérix, Le Domaine des dieux
2018-07-03 22:17:21 Astérix, les 12 travaux d'Asterix
2018-07-03 22:17:21 Atlantide, l'empire perdu	7	10
2018-07-03 22:17:21 Baby Boss	6	8
2018-07-03 22:17:21 Ballerina	6	8
2018-07-03 22:17:21 Bambi 1	0	0
2018-07-03 22:17:21 Bambi 2	0	0
2018-07-03 22:17:21 Barbie 01 - Rêve de danseuse étoile
2018-07-03 22:17:21 Basil, détective privé	7	7
2018-07-03 22:17:21 Bee Movie
2018-07-03 22:17:21 Bernard et Bianca 1	7	7
2018-07-03 22:17:21 Bernard et Bianca 2 au pays des kangourous	7	7
2018-07-03 22:17:21 Bienvenue chez les Robinson
2018-07-03 22:17:21 Blanche Neige et les 7 nains
2018-07-03 22:17:21 Buzz l'eclair le film, le début des aventures
2018-07-03 22:17:21 Capitaine superslip
2018-07-03 22:17:21 Cars 1	6	6
2018-07-03 22:17:21 Cars 2	7	7
2018-07-03 22:17:21 Cars 3	6	6
2018-07-03 22:17:21 Cendrillon 1	0	6
2018-07-03 22:17:21 Cendrillon 2, une vie de princesse
2018-07-03 22:17:21 Cendrillon 3, le sortilège de Cendrillon
2018-07-03 22:17:21 Chasseur de dragon
2018-07-03 22:17:21 Chicken Little	7	7
2018-07-03 22:17:21 Chicken Run	7	10
2018-07-03 22:17:21 Chérie, j'ai rétreci les gosses	7	7
2018-07-03 22:17:21 Clochette 1
2018-07-03 22:17:21 Clochette 2 et la Pierre de lune
2018-07-03 22:17:21 Clochette 3 et l'Expédition féerique
2018-07-03 22:17:21 Clochette 4 Le Tournoi Des Fées
2018-07-03 22:17:21 Clochette 5 et le secret des fées	0	5
2018-07-03 22:17:21 Clochette 6 et la fée pirate	0	6
2018-07-03 22:17:21 Clochette 7 et la créature légendaire
2018-07-03 22:17:21 Coco	6	8
2018-07-03 22:17:21 Comme des bêtes	0	6
2018-07-03 22:17:21 Coquin de Printemps
2018-07-03 22:17:21 Coraline	7	7
2018-07-03 22:17:21 Criminal Squad	16	16
2018-07-03 22:17:21 Cro Man	6	8
2018-07-03 22:17:21 Dingo et Max 1	7	9
2018-07-03 22:17:21 Dingo et Max 2 - Les sportifs de l'extrême
2018-07-03 22:17:21 Dinosaure	10	10
2018-07-03 22:17:21 Dumbo
2018-07-03 22:17:21 En route	0	6
2018-07-03 22:17:21 Entretien avec un vampire	16	16
2018-07-03 22:17:21 Fantasia	0	7
2018-07-03 22:17:21 Fantasia 2000	0	7
2018-07-03 22:17:21 Fantastic Mr Fox.VOSTFR
2018-07-03 22:17:21 Ferdinand	6	6
2018-07-03 22:17:21 Frère des ours 1
2018-07-03 22:17:21 Frère des ours 1 (24min petite)
2018-07-03 22:17:21 Frère des ours 2
2018-07-03 22:17:21 Gang de Requins	0	7
2018-07-03 22:17:21 Gruffalo
2018-07-03 22:17:21 Hercule	12	12
2018-07-03 22:17:21 Hotel Transylvania 1	6	8
2018-07-03 22:17:21 Hotel Transylvania 2	6	8
2018-07-03 22:17:21 How to train your dragon 1
2018-07-03 22:17:21 How to train your dragon 2
2018-07-03 22:17:21 Hurricane	12	14
2018-07-03 22:17:21 Jack et la mécanique du coeur
2018-07-03 22:17:21 Jurassic Park 1	12	12
2018-07-03 22:17:21 Jurassic Park 2, le monde perdu	12	12
2018-07-03 22:17:21 Jurassic Park 3	12	12
2018-07-03 22:17:21 Jurassic World 1	12	14
2018-07-03 22:17:21 Khumba
2018-07-03 22:17:21 Kung fu Panda 1	0	6
2018-07-03 22:17:21 Kung fu Panda 2	7	7
2018-07-03 22:17:21 Kung fu Panda 3	0	6
2018-07-03 22:17:21 Kung fu Panda, les secrets du rouleau
2018-07-03 22:17:21 Kuzco 1 l'empereur megalo
2018-07-03 22:17:21 Kuzco 2 King Kronk
2018-07-03 22:17:21 L'Ascension
2018-07-03 22:17:21 L'âge de glace 1
2018-07-03 22:17:21 L'âge de glace 2	7	7
2018-07-03 22:17:21 L'âge de glace 3
2018-07-03 22:17:21 L'âge de glace 3.5, un noël de mammouths
2018-07-03 22:17:21 L'âge de glace 4, la dérive des continents
2018-07-03 22:17:21 L'âge de glace 5, les lois de l'Univers
2018-07-03 22:17:21 La Belle au bois dormant
2018-07-03 22:17:21 La Belle et la Bête 1	8	10
2018-07-03 22:17:21 La Belle et la Bête 2 - Le Noël enchanté
2018-07-03 22:17:21 La Belle et le clochard 1
2018-07-03 22:17:21 La Belle et le clochard 2
2018-07-03 22:17:21 La Chtite Famille
2018-07-03 22:17:21 La Reine des neiges	6	8
2018-07-03 22:17:21 La Reine des neiges - Une fête givrée
2018-07-03 22:17:21 La bande à Picsou, le trésor de la lampe perdue
2018-07-03 22:17:21 La boite à Musique
2018-07-03 22:17:21 La ferme se rebelle
2018-07-03 22:17:21 La légende de Manolo	6	8
2018-07-03 22:17:21 La petite sirène 0, le secret de la Petite Sirène 
2018-07-03 22:17:21 La petite sirène 1
2018-07-03 22:17:21 La petite sirène 2, retour à l'océan
2018-07-03 22:17:21 La planète au trésor, un nouvel univers
2018-07-03 22:17:21 La princesse et la grenouille
2018-07-03 22:17:21 Le Bossu de Notre-Dame 1	7	10
2018-07-03 22:17:21 Le Bossu de Notre-Dame 2	7	10
2018-07-03 22:17:21 Le Chat Potté et les Trois Petits Diables
2018-07-03 22:17:21 Le Lorax	0	5
2018-07-03 22:17:21 Le Petit Prince	6	10
2018-07-03 22:17:21 Le Roi Lion 1
2018-07-03 22:17:21 Le Roi Lion 2, l'honneur de la tribu
2018-07-03 22:17:21 Le Roi Lion 3, Hakuna Matata
2018-07-03 22:17:21 Le chat potté	7	7
2018-07-03 22:17:21 Le livre de la jungle 1	8	10
2018-07-03 22:17:21 Le livre de la jungle 2	8	10
2018-07-03 22:17:21 Le monde de Dory	0	6
2018-07-03 22:17:21 Le noël de Mickey
2018-07-03 22:17:21 Le voyage d'Arlo	6	8
2018-07-03 22:17:21 Le voyage de Chihiro
2018-07-03 22:17:21 Le voyage extraordinaire de Samy
2018-07-03 22:17:21 Lego - la grande aventure
2018-07-03 22:17:21 Lego Batman - The movie DC superheroes unit
2018-07-03 22:17:21 Leroy & Stich
2018-07-03 22:17:21 Les 101 dalmatiens 1	7	7
2018-07-03 22:17:21 Les 101 dalmatiens 2, sur la trace des héros
2018-07-03 22:17:21 Les 3 Caballeros
2018-07-03 22:17:21 Les 5 légendes
2018-07-03 22:17:21 Les Aristochats
2018-07-03 22:17:21 Les Croods	8	8
2018-07-03 22:17:21 Les Indestructibles	8	12
2018-07-03 22:17:21 Les Minions	6	6
2018-07-03 22:17:21 Les aventures de Tigrou et de Winnie l'ourson	0	5
2018-07-03 22:17:21 Les mondes de Ralph	7	7
2018-07-03 22:17:21 Les nouveaux héros	6	6
2018-07-03 22:17:21 Les rebelles de la forêt 1
2018-07-03 22:17:21 Les rebelles de la forêt 2
2018-07-03 22:17:21 Les rebelles de la forêt 4
2018-07-03 22:17:21 Lilo & Stitch 1
2018-07-03 22:17:21 Lilo & Stitch 1.5, Stitch, le film
2018-07-03 22:17:21 Lilo & Stitch 2, Hawaï, nous avons un problème !
2018-07-03 22:17:21 Little miss sunshine	10	12
2018-07-03 22:17:21 Là-haut	0	7
2018-07-03 22:17:21 Madagascar 1	12	16
2018-07-03 22:17:21 Madagascar 2, la grande évasion
2018-07-03 22:17:21 Madagascar 3 Europes most wanted
2018-07-03 22:17:21 Magician Mickey (1937)
2018-07-03 22:17:21 Mary Poppins
2018-07-03 22:17:21 Mary et la fleur de la sorcière
2018-07-03 22:17:21 Maya the bee movie
2018-07-03 22:17:21 Melodie du Sud
2018-07-03 22:17:21 Merlin l'enchenteur
2018-07-03 22:17:21 Mickey, Donald, Dingo, les trois mousquetaires
2018-07-03 22:17:21 Mickey, il était une fois Noël
2018-07-03 22:17:21 Moi, moche et méchant 1
2018-07-03 22:17:21 Moi, moche et méchant 2	6	6
2018-07-03 22:17:21 Moi, moche et méchant 3	6	6
2018-07-03 22:17:21 Mon voisin Totoro
2018-07-03 22:17:21 Monsters University
2018-07-03 22:17:21 Monstres & cie	7	7
2018-07-03 22:17:21 Mulan 1	7	10
2018-07-03 22:17:21 Mulan 2, la mission de l'Empereur
2018-07-03 22:17:21 Mune, le gardien de la lune	8	10
2018-07-03 22:17:21 Nemo
2018-07-03 22:17:21 Oliver et compagnie	7	7
2018-07-03 22:17:21 Opération casse noisettes
2018-07-03 22:17:21 Penguins of Madagascar New to the Zoo
2018-07-03 22:17:21 Peter Pan 1	7	10
2018-07-03 22:17:21 Peter Pan 2	7	10
2018-07-03 22:17:21 Pinocchio	7	7
2018-07-03 22:17:21 Planes 1	6	6
2018-07-03 22:17:21 Planes 2 fire and rescue
2018-07-03 22:17:21 Pocahontas 1, une légende indienne
2018-07-03 22:17:21 Pocahontas 2, un monde nouveau
2018-07-03 22:17:21 Polux Le Manége Enchanté
2018-07-03 22:17:21 Pourquoi j'ai pas mangé mon père	6	8
2018-07-03 22:17:21 Qui veut la peau de Roger Rabbit	10	10
2018-07-03 22:17:21 Raiponce	7	7
2018-07-03 22:17:21 Rampage
2018-07-03 22:17:21 Ratatouille	0	7
2018-07-03 22:17:21 Rebelle	7	7
2018-07-03 22:17:21 Revenge	16	16
2018-07-03 22:17:21 Rio 2	6	6
2018-07-03 22:17:21 Robin des bois	12	14
2018-07-03 22:17:21 Robots	7	7
2018-07-03 22:17:21 Rox et Rouky 1	7	7
2018-07-03 22:17:21 Rox et Rouky 2	7	7
2018-07-03 22:17:21 Saludos Amigos
2018-07-03 22:17:21 Sammy 2	0	7
2018-07-03 22:17:21 Sans un bruit	14	16
2018-07-03 22:17:21 Schtroumpfs 2	6	6
2018-07-03 22:17:21 Schtroumpfs 3 et le village perdu
2018-07-03 22:17:21 Shaun le mouton	0	6
2018-07-03 22:17:21 Shrek 1	7	7
2018-07-03 22:17:21 Shrek 2	7	7
2018-07-03 22:17:21 Shrek 3, le troisième
2018-07-03 22:17:21 Shrek 4, il était une fin
2018-07-03 22:17:21 THoM
2018-07-03 22:17:21 Tad (1) l'explorateur à la recherche de la cité perdue
2018-07-03 22:17:21 Tad (2) et le secret du roi Midas
2018-07-03 22:17:21 Taram et le chaudron magique	7	7
2018-07-03 22:17:21 Tarzan	8	10
2018-07-03 22:17:21 Tempête de boulettes géantes 2	6	6
2018-07-03 22:17:21 The Jungle Book
2018-07-03 22:17:21 The Mouse Hunt (1931)
2018-07-03 22:17:21 The Pirates Band of Misfits
2018-07-03 22:17:21 The Snow Queen, la reine des neiges de Maxim Sveshnikov
2018-07-03 22:17:21 Toy Story 1	0	7
2018-07-03 22:17:21 Toy story 2	7	7
2018-07-03 22:17:21 Toy story 3	0	7
2018-07-03 22:17:21 Trance	16	16
2018-07-03 22:17:21 Trolls
2018-07-03 22:17:21 Turbo	6	6
2018-07-03 22:17:21 Un monstre à Paris	7	7
2018-07-03 22:17:21 Vaiana, la légende du bout du monde	6	8
2018-07-03 22:17:21 Vice-Versa	6	10
2018-07-03 22:17:21 Volt, star malgré lui	7	7
2018-07-03 22:17:21 Wall-E	0	10
2018-07-03 22:17:21 Walt Disney - Contes et Légendes 1
2018-07-03 22:17:21 Walt Disney - Contes et Légendes 2
2018-07-03 22:17:21 Walt Disney - Contes et Légendes 3
2018-07-03 22:17:21 Walt Disney - Contes et Légendes 4
2018-07-03 22:17:21 Walt Disney - Contes et Légendes 5
2018-07-03 22:17:21 Walt Disney - Contes et Légendes 6
2018-07-03 22:17:21 Winnie l'ourson	0	5
2018-07-03 22:17:21 Zootopia	6	6
2018-07-03 22:18:12 Age cache to add in: D:\Nos Documents\Commun\Loisirs\Films\ages.cache
2018-07-03 22:18:12 1001 pattes
2018-07-03 22:18:12 Akira
2018-07-03 22:18:12 Aladdin 1	7	7
2018-07-03 22:18:12 Aladdin 2, le retour de Jafar
2018-07-03 22:18:12 Aladdin 3 Aladdin et le roi des voleurs
2018-07-03 22:18:12 Alice aux pays des merveilles
2018-07-03 22:18:12 American history X	16	16
2018-07-03 22:18:12 Anastasia	7	10
2018-07-03 22:18:12 Ant-Man 1
2018-07-03 22:18:12 Asterix chez les Bretons
2018-07-03 22:18:12 Asterix et Cléopatre
2018-07-03 22:18:12 Asterix le gaulois
2018-07-03 22:18:12 Asterix.Bretons
2018-07-03 22:18:12 Asterix.Indiens (1994)
2018-07-03 22:18:12 Asterix.Vikings
2018-07-03 22:18:12 Astérix et la surprise de César	7	7
2018-07-03 22:18:12 Astérix et le coup du menhir	7	7
2018-07-03 22:18:12 Astérix, Le Domaine des dieux
2018-07-03 22:18:12 Astérix, les 12 travaux d'Asterix
2018-07-03 22:18:12 Atlantide, l'empire perdu	7	10
2018-07-03 22:18:12 Baby Boss	6	8
2018-07-03 22:18:12 Ballerina	6	8
2018-07-03 22:18:12 Bambi 1	0	0
2018-07-03 22:18:12 Bambi 2	0	0
2018-07-03 22:18:12 Barbie 01 - Rêve de danseuse étoile
2018-07-03 22:18:12 Basil, détective privé	7	7
2018-07-03 22:18:12 Bee Movie
2018-07-03 22:18:12 Bernard et Bianca 1	7	7
2018-07-03 22:18:12 Bernard et Bianca 2 au pays des kangourous	7	7
2018-07-03 22:18:12 Bienvenue chez les Robinson
2018-07-03 22:18:12 Blanche Neige et les 7 nains
2018-07-03 22:18:12 Buzz l'eclair le film, le début des aventures
2018-07-03 22:18:12 Capitaine superslip
2018-07-03 22:18:12 Cars 1	6	6
2018-07-03 22:18:12 Cars 2	7	7
2018-07-03 22:18:12 Cars 3	6	6
2018-07-03 22:18:12 Cendrillon 1	0	6
2018-07-03 22:18:12 Cendrillon 2, une vie de princesse
2018-07-03 22:18:12 Cendrillon 3, le sortilège de Cendrillon
2018-07-03 22:18:12 Chasseur de dragon
2018-07-03 22:18:12 Chicken Little	7	7
2018-07-03 22:18:12 Chicken Run	7	10
2018-07-03 22:18:12 Chérie, j'ai rétreci les gosses	7	7
2018-07-03 22:18:12 Clochette 1
2018-07-03 22:18:12 Clochette 2 et la Pierre de lune
2018-07-03 22:18:12 Clochette 3 et l'Expédition féerique
2018-07-03 22:18:12 Clochette 4 Le Tournoi Des Fées
2018-07-03 22:18:12 Clochette 5 et le secret des fées	0	5
2018-07-03 22:18:12 Clochette 6 et la fée pirate	0	6
2018-07-03 22:18:12 Clochette 7 et la créature légendaire
2018-07-03 22:18:12 Coco	6	8
2018-07-03 22:18:12 Comme des bêtes	0	6
2018-07-03 22:18:12 Coquin de Printemps
2018-07-03 22:18:12 Coraline	7	7
2018-07-03 22:18:12 Criminal Squad	16	16
2018-07-03 22:18:12 Cro Man	6	8
2018-07-03 22:18:12 Dingo et Max 1	7	9
2018-07-03 22:18:12 Dingo et Max 2 - Les sportifs de l'extrême
2018-07-03 22:18:12 Dinosaure	10	10
2018-07-03 22:18:12 Dumbo
2018-07-03 22:18:12 En route	0	6
2018-07-03 22:18:12 Entretien avec un vampire	16	16
2018-07-03 22:18:12 Fantasia	0	7
2018-07-03 22:18:12 Fantasia 2000	0	7
2018-07-03 22:18:12 Fantastic Mr Fox.VOSTFR
2018-07-03 22:18:12 Ferdinand	6	6
2018-07-03 22:18:12 Frère des ours 1
2018-07-03 22:18:12 Frère des ours 1 (24min petite)
2018-07-03 22:18:12 Frère des ours 2
2018-07-03 22:18:12 Gang de Requins	0	7
2018-07-03 22:18:12 Gruffalo
2018-07-03 22:18:12 Hercule	12	12
2018-07-03 22:18:12 Hotel Transylvania 1	6	8
2018-07-03 22:18:12 Hotel Transylvania 2	6	8
2018-07-03 22:18:12 How to train your dragon 1
2018-07-03 22:18:12 How to train your dragon 2
2018-07-03 22:18:12 Hurricane	12	14
2018-07-03 22:18:12 Jack et la mécanique du coeur
2018-07-03 22:18:12 Jurassic Park 1	12	12
2018-07-03 22:18:12 Jurassic Park 2, le monde perdu	12	12
2018-07-03 22:18:12 Jurassic Park 3	12	12
2018-07-03 22:18:12 Jurassic World 1	12	14
2018-07-03 22:18:12 Khumba
2018-07-03 22:18:12 Kung fu Panda 1	0	6
2018-07-03 22:18:12 Kung fu Panda 2	7	7
2018-07-03 22:18:12 Kung fu Panda 3	0	6
2018-07-03 22:18:12 Kung fu Panda, les secrets du rouleau
2018-07-03 22:18:12 Kuzco 1 l'empereur megalo
2018-07-03 22:18:12 Kuzco 2 King Kronk
2018-07-03 22:18:12 L'Ascension
2018-07-03 22:18:12 L'âge de glace 1
2018-07-03 22:18:12 L'âge de glace 2	7	7
2018-07-03 22:18:12 L'âge de glace 3
2018-07-03 22:18:12 L'âge de glace 3.5, un noël de mammouths
2018-07-03 22:18:12 L'âge de glace 4, la dérive des continents
2018-07-03 22:18:12 L'âge de glace 5, les lois de l'Univers
2018-07-03 22:18:12 La Belle au bois dormant
2018-07-03 22:18:12 La Belle et la Bête 1	8	10
2018-07-03 22:18:12 La Belle et la Bête 2 - Le Noël enchanté
2018-07-03 22:18:12 La Belle et le clochard 1
2018-07-03 22:18:12 La Belle et le clochard 2
2018-07-03 22:18:12 La Chtite Famille
2018-07-03 22:18:12 La Reine des neiges	6	8
2018-07-03 22:18:12 La Reine des neiges - Une fête givrée
2018-07-03 22:18:12 La bande à Picsou, le trésor de la lampe perdue
2018-07-03 22:18:12 La boite à Musique
2018-07-03 22:18:12 La ferme se rebelle
2018-07-03 22:18:12 La légende de Manolo	6	8
2018-07-03 22:18:12 La petite sirène 0, le secret de la Petite Sirène 
2018-07-03 22:18:12 La petite sirène 1
2018-07-03 22:18:12 La petite sirène 2, retour à l'océan
2018-07-03 22:18:12 La planète au trésor, un nouvel univers
2018-07-03 22:18:12 La princesse et la grenouille
2018-07-03 22:18:12 Le Bossu de Notre-Dame 1	7	10
2018-07-03 22:18:12 Le Bossu de Notre-Dame 2	7	10
2018-07-03 22:18:12 Le Chat Potté et les Trois Petits Diables
2018-07-03 22:18:12 Le Lorax	0	5
2018-07-03 22:18:12 Le Petit Prince	6	10
2018-07-03 22:18:12 Le Roi Lion 1
2018-07-03 22:18:12 Le Roi Lion 2, l'honneur de la tribu
2018-07-03 22:18:12 Le Roi Lion 3, Hakuna Matata
2018-07-03 22:18:12 Le chat potté	7	7
2018-07-03 22:18:12 Le livre de la jungle 1	8	10
2018-07-03 22:18:12 Le livre de la jungle 2	8	10
2018-07-03 22:18:12 Le monde de Dory	0	6
2018-07-03 22:18:12 Le noël de Mickey
2018-07-03 22:18:12 Le voyage d'Arlo	6	8
2018-07-03 22:18:12 Le voyage de Chihiro
2018-07-03 22:18:12 Le voyage extraordinaire de Samy
2018-07-03 22:18:12 Lego - la grande aventure
2018-07-03 22:18:12 Lego Batman - The movie DC superheroes unit
2018-07-03 22:18:12 Leroy & Stich
2018-07-03 22:18:12 Les 101 dalmatiens 1	7	7
2018-07-03 22:18:12 Les 101 dalmatiens 2, sur la trace des héros
2018-07-03 22:18:12 Les 3 Caballeros
2018-07-03 22:18:12 Les 5 légendes
2018-07-03 22:18:12 Les Aristochats
2018-07-03 22:18:12 Les Croods	8	8
2018-07-03 22:18:12 Les Indestructibles	8	12
2018-07-03 22:18:12 Les Minions	6	6
2018-07-03 22:18:12 Les aventures de Tigrou et de Winnie l'ourson	0	5
2018-07-03 22:18:12 Les mondes de Ralph	7	7
2018-07-03 22:18:12 Les nouveaux héros	6	6
2018-07-03 22:18:12 Les rebelles de la forêt 1
2018-07-03 22:18:12 Les rebelles de la forêt 2
2018-07-03 22:18:12 Les rebelles de la forêt 4
2018-07-03 22:18:12 Lilo & Stitch 1
2018-07-03 22:18:12 Lilo & Stitch 1.5, Stitch, le film
2018-07-03 22:18:12 Lilo & Stitch 2, Hawaï, nous avons un problème !
2018-07-03 22:18:12 Little miss sunshine	10	12
2018-07-03 22:18:12 Là-haut	0	7
2018-07-03 22:18:12 Madagascar 1	12	16
2018-07-03 22:18:12 Madagascar 2, la grande évasion
2018-07-03 22:18:12 Madagascar 3 Europes most wanted
2018-07-03 22:18:12 Magician Mickey (1937)
2018-07-03 22:18:12 Mary Poppins
2018-07-03 22:18:12 Mary et la fleur de la sorcière
2018-07-03 22:18:12 Maya the bee movie
2018-07-03 22:18:12 Melodie du Sud
2018-07-03 22:18:12 Merlin l'enchenteur
2018-07-03 22:18:12 Mickey, Donald, Dingo, les trois mousquetaires
2018-07-03 22:18:12 Mickey, il était une fois Noël
2018-07-03 22:18:12 Moi, moche et méchant 1
2018-07-03 22:18:12 Moi, moche et méchant 2	6	6
2018-07-03 22:18:12 Moi, moche et méchant 3	6	6
2018-07-03 22:18:12 Mon voisin Totoro
2018-07-03 22:18:12 Monsters University
2018-07-03 22:18:12 Monstres & cie	7	7
2018-07-03 22:18:12 Mulan 1	7	10
2018-07-03 22:18:12 Mulan 2, la mission de l'Empereur
2018-07-03 22:18:12 Mune, le gardien de la lune	8	10
2018-07-03 22:18:12 Nemo
2018-07-03 22:18:12 Oliver et compagnie	7	7
2018-07-03 22:18:12 Opération casse noisettes
2018-07-03 22:18:12 Penguins of Madagascar New to the Zoo
2018-07-03 22:18:12 Peter Pan 1	7	10
2018-07-03 22:18:12 Peter Pan 2	7	10
2018-07-03 22:18:12 Pinocchio	7	7
2018-07-03 22:18:12 Planes 1	6	6
2018-07-03 22:18:12 Planes 2 fire and rescue
2018-07-03 22:18:12 Pocahontas 1, une légende indienne
2018-07-03 22:18:12 Pocahontas 2, un monde nouveau
2018-07-03 22:18:12 Polux Le Manége Enchanté
2018-07-03 22:18:12 Pourquoi j'ai pas mangé mon père	6	8
2018-07-03 22:18:12 Qui veut la peau de Roger Rabbit	10	10
2018-07-03 22:18:12 Raiponce	7	7
2018-07-03 22:18:12 Rampage
2018-07-03 22:18:12 Ratatouille	0	7
2018-07-03 22:18:12 Rebelle	7	7
2018-07-03 22:18:12 Revenge	16	16
2018-07-03 22:18:12 Rio 2	6	6
2018-07-03 22:18:12 Robin des bois	12	14
2018-07-03 22:18:12 Robots	7	7
2018-07-03 22:18:12 Rox et Rouky 1	7	7
2018-07-03 22:18:12 Rox et Rouky 2	7	7
2018-07-03 22:18:12 Saludos Amigos
2018-07-03 22:18:12 Sammy 2	0	7
2018-07-03 22:18:12 Sans un bruit	14	16
2018-07-03 22:18:12 Schtroumpfs 2	6	6
2018-07-03 22:18:12 Schtroumpfs 3 et le village perdu
2018-07-03 22:18:12 Shaun le mouton	0	6
2018-07-03 22:18:12 Shrek 1	7	7
2018-07-03 22:18:12 Shrek 2	7	7
2018-07-03 22:18:12 Shrek 3, le troisième
2018-07-03 22:18:12 Shrek 4, il était une fin
2018-07-03 22:18:12 THoM
2018-07-03 22:18:12 Tad (1) l'explorateur à la recherche de la cité perdue
2018-07-03 22:18:12 Tad (2) et le secret du roi Midas
2018-07-03 22:18:12 Taram et le chaudron magique	7	7
2018-07-03 22:18:12 Tarzan	8	10
2018-07-03 22:18:12 Tempête de boulettes géantes 2	6	6
2018-07-03 22:18:12 The Jungle Book
2018-07-03 22:18:12 The Mouse Hunt (1931)
2018-07-03 22:18:12 The Pirates Band of Misfits
2018-07-03 22:18:12 The Snow Queen, la reine des neiges de Maxim Sveshnikov
2018-07-03 22:18:12 Toy Story 1	0	7
2018-07-03 22:18:12 Toy story 2	7	7
2018-07-03 22:18:12 Toy story 3	0	7
2018-07-03 22:18:12 Trance	16	16
2018-07-03 22:18:12 Trolls
2018-07-03 22:18:12 Turbo	6	6
2018-07-03 22:18:12 Un monstre à Paris	7	7
2018-07-03 22:18:12 Vaiana, la légende du bout du monde	6	8
2018-07-03 22:18:12 Vice-Versa	6	10
2018-07-03 22:18:12 Volt, star malgré lui	7	7
2018-07-03 22:18:12 Wall-E	0	10
2018-07-03 22:18:12 Walt Disney - Contes et Légendes 1
2018-07-03 22:18:12 Walt Disney - Contes et Légendes 2
2018-07-03 22:18:12 Walt Disney - Contes et Légendes 3
2018-07-03 22:18:12 Walt Disney - Contes et Légendes 4
2018-07-03 22:18:12 Walt Disney - Contes et Légendes 5
2018-07-03 22:18:12 Walt Disney - Contes et Légendes 6
2018-07-03 22:18:12 Winnie l'ourson	0	5
2018-07-03 22:18:12 Zootopia	6	6
2018-07-05 21:16:50 Found 8 sagas:
2018-07-05 21:16:50   Avengers: 20 movies
2018-07-05 21:16:50   Harry Potter: 8 movies
2018-07-05 21:16:50   Jurassic Park: 4 movies
2018-07-05 21:16:50   Mission Impossible: 5 movies
2018-07-05 21:16:50   Pirates des Caraïbes: 5 movies
2018-07-05 21:16:50   Star Wars: 9 movies
2018-07-05 21:16:50   Transformers: 5 movies
2018-07-05 21:16:50   X-Men: 10 movies
2018-07-05 21:16:52 Movie not found: Avengers 3 Infinity War
2018-07-05 21:16:52 Movie not found: Ant-Man 2 et la guêpe
2018-07-05 21:16:53 Movie not found: Avengers 3 Infinity War
2018-07-05 21:16:53 Movie not found: Ant-Man 2 et la guêpe
2018-07-05 21:20:17 Found 8 sagas:
2018-07-05 21:20:17   Avengers: 20 movies
2018-07-05 21:20:17   Harry Potter: 8 movies
2018-07-05 21:20:17   Jurassic Park: 4 movies
2018-07-05 21:20:17   Mission Impossible: 5 movies
2018-07-05 21:20:17   Pirates des Caraïbes: 5 movies
2018-07-05 21:20:17   Star Wars: 9 movies
2018-07-05 21:20:17   Transformers: 5 movies
2018-07-05 21:20:17   X-Men: 10 movies
2018-07-05 21:20:17 Movie not found: Avengers 3 Infinity War
2018-07-05 21:20:17 Movie not found: Ant-Man 2 et la guêpe
2018-07-05 21:20:18 Movie not found: Avengers 3 Infinity War
2018-07-05 21:20:18 Movie not found: Ant-Man 2 et la guêpe
2018-07-10 23:59:45 Found 8 sagas:
2018-07-10 23:59:45   Avengers: 20 movies
2018-07-10 23:59:45   Harry Potter: 8 movies
2018-07-10 23:59:45   Jurassic Park: 4 movies
2018-07-10 23:59:45   Mission Impossible: 5 movies
2018-07-10 23:59:45   Pirates des Caraïbes: 5 movies
2018-07-10 23:59:45   Star Wars: 9 movies
2018-07-10 23:59:45   Transformers: 5 movies
2018-07-10 23:59:45   X-Men: 10 movies
2018-07-11 00:01:14 Found 8 sagas:
2018-07-11 00:01:14   Avengers: 20 movies
2018-07-11 00:01:14   Harry Potter: 8 movies
2018-07-11 00:01:14   Jurassic Park: 4 movies
2018-07-11 00:01:14   Mission Impossible: 5 movies
2018-07-11 00:01:14   Pirates des Caraïbes: 5 movies
2018-07-11 00:01:14   Star Wars: 9 movies
2018-07-11 00:01:14   Transformers: 5 movies
2018-07-11 00:01:14   X-Men: 10 movies
2018-07-11 00:02:11 Movie not found: Avengers 3 Infinity War
2018-07-11 00:02:11 Movie not found: Ant-Man 2 et la guêpe
2018-07-11 00:02:11 Movie not found: Avengers 3 Infinity War
2018-07-11 00:02:11 Movie not found: Ant-Man 2 et la guêpe
2018-07-15 19:04:52 file.encoding: UTF-8
2018-07-15 19:04:52 Default Charset=UTF-8
2018-07-15 19:04:52 ******************* FMV v? *******************
2018-07-15 19:04:52 Load config file: D:\Nos Documents\Commun\Loisirs\Films\movie-list.conf
2018-07-15 19:04:53 
2018-07-15 19:04:53 List declared:
2018-07-15 19:04:53 Folder: F:\Dessins animés
2018-07-15 19:04:53 Folder: F:\Dessins animés série
2018-07-15 19:04:53 Folder: F:\Documentaires
2018-07-15 19:04:53 Folder: F:\Films
2018-07-15 19:04:53 Folder: F:\Films HD
2018-07-15 19:04:53 Folder: F:\Séries
2018-07-15 19:04:53 
2018-07-15 19:05:25 Age cache to add in: D:\Nos Documents\Commun\Loisirs\Films\ages.cache
2018-07-15 19:05:25 L'Île aux chiens	10	12
2018-07-15 19:07:57 Age cache to add in: D:\Nos Documents\Commun\Loisirs\Films\ages.cache
2018-07-15 19:07:57 L'Île aux chiens	10	12
2018-07-15 19:09:53 Age cache to add in: D:\Nos Documents\Commun\Loisirs\Films\ages.cache
2018-07-15 19:09:53 L'Île aux chiens	10	12
2018-07-15 19:09:57 Age cache to add in: D:\Nos Documents\Commun\Loisirs\Films\ages.cache
2018-07-15 19:09:57 L'Île aux chiens	10	12
2018-07-15 19:11:53 file.encoding: UTF-8
2018-07-15 19:11:53 Default Charset=UTF-8
2018-07-15 19:11:53 ******************* FMV v? *******************
2018-07-15 19:11:53 Load config file: D:\Nos Documents\Commun\Loisirs\Films\movie-list.conf
2018-07-15 19:11:53 
2018-07-15 19:11:53 List declared:
2018-07-15 19:11:53 Folder: F:\Dessins animés
2018-07-15 19:11:53 Folder: F:\Dessins animés série
2018-07-15 19:11:53 Folder: F:\Documentaires
2018-07-15 19:11:53 Folder: F:\Films
2018-07-15 19:11:53 Folder: F:\Films HD
2018-07-15 19:11:53 Folder: F:\Séries
2018-07-15 19:11:53 
2018-07-15 19:16:28 Age cache to add in: D:\Nos Documents\Commun\Loisirs\Films\ages.cache
2018-07-15 19:16:28 Avatar-sub
2018-07-15 19:16:28 Equalizer	16	16
2018-07-15 19:16:28 La Vie rêvée de Walter Mitty	8	10
2018-07-15 19:16:28 Les gamins	14	14
2018-07-15 19:16:28 Mission Impossible 2	14	14
2018-07-15 19:16:28 Mission Impossible 3	12	12
2018-07-15 19:16:28 Mission Impossible 4 Protocol fantôme	12	14
2018-07-15 19:16:28 Mission Impossible 5 Rogue Nation	12	14
2018-07-15 19:16:28 Ready Player One	12	14
2018-07-15 19:16:28 Rock'n'rolla	14	16
2018-07-15 19:16:28 Rocketeer	12	12
2018-07-15 19:16:28 Stargate, la porte des étoiles	12	12
2018-07-15 19:16:28 The Grand Budapest Hotel	10	14
2018-07-15 19:17:29 Age cache to add in: D:\Nos Documents\Commun\Loisirs\Films\ages.cache
2018-07-15 19:17:29 Avatar-sub
2018-07-15 19:17:29 Equalizer	16	16
2018-07-15 19:17:29 La Vie rêvée de Walter Mitty	8	10
2018-07-15 19:17:29 Les gamins	14	14
2018-07-15 19:17:29 Mission Impossible 2	14	14
2018-07-15 19:17:29 Mission Impossible 3	12	12
2018-07-15 19:17:29 Mission Impossible 4 Protocol fantôme	12	14
2018-07-15 19:17:29 Mission Impossible 5 Rogue Nation	12	14
2018-07-15 19:17:29 Ready Player One	12	14
2018-07-15 19:17:29 Rock'n'rolla	14	16
2018-07-15 19:17:29 Rocketeer	12	12
2018-07-15 19:17:29 Stargate, la porte des étoiles	12	12
2018-07-15 19:17:29 The Grand Budapest Hotel	10	14
2018-07-22 16:39:39 file.encoding: UTF-8
2018-07-22 16:39:39 Default Charset=UTF-8
2018-07-22 16:39:39 ******************* FMV v? *******************
2018-07-22 16:39:39 Load config file: D:\Nos Documents\Commun\Loisirs\Films\movie-list.conf
2018-07-22 16:39:40 
2018-07-22 16:39:40 List declared:
2018-07-22 16:39:40 Folder: F:\Dessins animés
2018-07-22 16:39:40 Folder: F:\Dessins animés série
2018-07-22 16:39:40 Folder: F:\Documentaires
2018-07-22 16:39:40 Folder: F:\Films
2018-07-22 16:39:40 Folder: F:\Films HD
2018-07-22 16:39:40 Folder: F:\Séries
2018-07-22 16:39:40 
2018-07-22 16:43:27 Age cache to add in: D:\Nos Documents\Commun\Loisirs\Films\ages.cache
2018-07-22 16:43:27 Les Simpson, le film	7	10
2018-07-22 16:45:42 Age cache to add in: D:\Nos Documents\Commun\Loisirs\Films\ages.cache
2018-07-22 16:45:42 Les Simpson, le film	7	10
2018-07-22 16:47:17 Age cache to add in: D:\Nos Documents\Commun\Loisirs\Films\ages.cache
2018-07-22 16:47:17 Les Simpson, le film	7	10
2018-07-22 16:47:20 Age cache to add in: D:\Nos Documents\Commun\Loisirs\Films\ages.cache
2018-07-22 16:47:20 Les Simpson, le film	7	10
2018-07-22 16:48:52 Age cache to add in: D:\Nos Documents\Commun\Loisirs\Films\ages.cache
2018-07-22 16:48:52 Bernie	16	18
2018-07-22 16:48:52 Ghostland	16	16
2018-07-22 16:48:52 Hostiles	16	16
2018-07-22 16:48:52 La Finale	6	8
2018-07-22 16:48:52 La Haine	16	16
2018-07-22 16:48:52 Les Simpson, le film	7	10
2018-07-22 16:48:52 Tamara	12	12
2018-07-22 16:48:52 Tully	12	14
2018-07-22 16:49:39 Age cache to add in: D:\Nos Documents\Commun\Loisirs\Films\ages.cache
2018-07-22 16:49:39 Bernie	16	18
2018-07-22 16:49:39 Ghostland	16	16
2018-07-22 16:49:39 Hostiles	16	16
2018-07-22 16:49:39 La Finale	6	8
2018-07-22 16:49:39 La Haine	16	16
2018-07-22 16:49:39 Les Simpson, le film	7	10
2018-07-22 16:49:39 Tamara	12	12
2018-07-22 16:49:39 Tully	12	14
2018-07-22 21:28:38 Found 8 sagas:
2018-07-22 21:28:38   Avengers: 20 movies
2018-07-22 21:28:38   Harry Potter: 8 movies
2018-07-22 21:28:38   Jurassic Park: 4 movies
2018-07-22 21:28:38   Mission Impossible: 5 movies
2018-07-22 21:28:38   Pirates des Caraïbes: 5 movies
2018-07-22 21:28:38   Star Wars: 9 movies
2018-07-22 21:28:38   Transformers: 5 movies
2018-07-22 21:28:38   X-Men: 10 movies
2018-07-22 21:28:46 Movie not found: Avengers 3 Infinity War
2018-07-22 21:28:46 Movie not found: Ant-Man 2 et la guêpe
2018-07-22 21:29:22 Movie not found: Avengers 3 Infinity War
2018-07-22 21:29:22 Movie not found: Ant-Man 2 et la guêpe
2018-08-01 21:18:48 Found 8 sagas:
2018-08-01 21:18:48   Avengers: 20 movies
2018-08-01 21:18:48   Harry Potter: 8 movies
2018-08-01 21:18:48   Jurassic Park: 4 movies
2018-08-01 21:18:48   Mission Impossible: 5 movies
2018-08-01 21:18:48   Pirates des Caraïbes: 5 movies
2018-08-01 21:18:48   Star Wars: 9 movies
2018-08-01 21:18:48   Transformers: 5 movies
2018-08-01 21:18:48   X-Men: 10 movies
2018-08-01 21:18:48 Path not found: [fagu_Vv_1]Films HD
2018-08-01 21:19:50 Movie not found: Ant-Man 2 et la guêpe
2018-08-01 21:25:42 Found 8 sagas:
2018-08-01 21:25:42   Avengers: 20 movies
2018-08-01 21:25:42   Harry Potter: 8 movies
2018-08-01 21:25:42   Jurassic Park: 4 movies
2018-08-01 21:25:42   Mission Impossible: 5 movies
2018-08-01 21:25:42   Pirates des Caraïbes: 5 movies
2018-08-01 21:25:42   Star Wars: 9 movies
2018-08-01 21:25:42   Transformers: 5 movies
2018-08-01 21:25:42   X-Men: 10 movies
2018-08-01 21:25:44 Movie not found: Avengers 3 Infinity War
2018-08-01 21:25:44 Movie not found: Ant-Man 2 et la guêpe
2018-08-01 21:25:44 Movie not found: Ant-Man 2 et la guêpe
2018-08-01 21:33:53 Found 8 sagas:
2018-08-01 21:33:53   Avengers: 20 movies
2018-08-01 21:33:53   Harry Potter: 8 movies
2018-08-01 21:33:53   Jurassic Park: 4 movies
2018-08-01 21:33:53   Mission Impossible: 5 movies
2018-08-01 21:33:53   Pirates des Caraïbes: 5 movies
2018-08-01 21:33:53   Star Wars: 9 movies
2018-08-01 21:33:53   Transformers: 5 movies
2018-08-01 21:33:53   X-Men: 10 movies
2018-08-01 21:33:54 Movie not found: Ant-Man 2 et la guêpe
2018-08-01 21:33:54 Path not found: [fagu_Vv_2]Films HD
2019-01-03 10:38:47 Found 9 sagas:
2019-01-03 10:38:47   Avengers: 20 movies
2019-01-03 10:38:47   DC: 6 movies
2019-01-03 10:38:47   Harry Potter: 8 movies
2019-01-03 10:38:47   Jurassic Park: 5 movies
2019-01-03 10:38:47   Mission Impossible: 5 movies
2019-01-03 10:38:47   Pirates des Caraïbes: 5 movies
2019-01-03 10:38:47   Star Wars: 9 movies
2019-01-03 10:38:47   Transformers: 5 movies
2019-01-03 10:38:47   X-Men: 10 movies
2019-01-03 10:38:49 Movie not found: Aquaman
2019-01-03 10:38:49 Movie not found: Deadpool
2019-01-03 10:41:07 Movie not found: Aquaman
2019-01-03 10:41:07 Movie not found: Deadpool
2019-01-03 10:44:21 Found 9 sagas:
2019-01-03 10:44:21   Avengers: 20 movies
2019-01-03 10:44:21   DC: 6 movies
2019-01-03 10:44:21   Harry Potter: 8 movies
2019-01-03 10:44:21   Jurassic Park: 5 movies
2019-01-03 10:44:21   Mission Impossible: 5 movies
2019-01-03 10:44:21   Pirates des Caraïbes: 5 movies
2019-01-03 10:44:21   Star Wars: 9 movies
2019-01-03 10:44:21   Transformers: 5 movies
2019-01-03 10:44:21   X-Men: 11 movies
2019-01-03 10:44:21 Movie not found: Aquaman
2019-01-03 10:44:57 Movie not found: Aquaman
2019-01-03 10:45:08 Found 9 sagas:
2019-01-03 10:45:08   Avengers: 20 movies
2019-01-03 10:45:08   DC: 6 movies
2019-01-03 10:45:08   Harry Potter: 8 movies
2019-01-03 10:45:08   Jurassic Park: 5 movies
2019-01-03 10:45:08   Mission Impossible: 5 movies
2019-01-03 10:45:08   Pirates des Caraïbes: 5 movies
2019-01-03 10:45:08   Star Wars: 9 movies
2019-01-03 10:45:08   Transformers: 5 movies
2019-01-03 10:45:08   X-Men: 11 movies
2019-01-03 10:45:08 Movie not found: Aquaman
2019-01-03 10:45:10 Movie not found: Aquaman
2019-06-03 23:29:28 Found 9 sagas:
2019-06-03 23:29:28   Avengers: 22 movies
2019-06-03 23:29:28   DC: 6 movies
2019-06-03 23:29:28   Harry Potter: 8 movies
2019-06-03 23:29:28   Jurassic Park: 5 movies
2019-06-03 23:29:28   Mission Impossible: 5 movies
2019-06-03 23:29:28   Pirates des Caraïbes: 5 movies
2019-06-03 23:29:28   Star Wars: 9 movies
2019-06-03 23:29:28   Transformers: 5 movies
2019-06-03 23:29:28   X-Men: 11 movies
2019-06-03 23:29:29 Movie not found: 
2019-06-03 23:29:47 Path not found: F:\Films HD
2019-06-03 23:30:21 Found 9 sagas:
2019-06-03 23:30:21   Avengers: 22 movies
2019-06-03 23:30:21   DC: 6 movies
2019-06-03 23:30:21   Harry Potter: 8 movies
2019-06-03 23:30:21   Jurassic Park: 5 movies
2019-06-03 23:30:21   Mission Impossible: 5 movies
2019-06-03 23:30:21   Pirates des Caraïbes: 5 movies
2019-06-03 23:30:21   Star Wars: 9 movies
2019-06-03 23:30:21   Transformers: 5 movies
2019-06-03 23:30:21   X-Men: 11 movies
2019-06-03 23:30:22 Movie not found: 
2019-06-03 23:30:23 Movie not found: 
2019-11-11 10:15:53 Found 9 sagas:
2019-11-11 10:15:53   Avengers: 24 movies
2019-11-11 10:15:53   DC: 6 movies
2019-11-11 10:15:53   Harry Potter: 8 movies
2019-11-11 10:15:53   Jurassic Park: 5 movies
2019-11-11 10:15:53   Mission Impossible: 5 movies
2019-11-11 10:15:53   Pirates des Caraïbes: 5 movies
2019-11-11 10:15:53   Star Wars: 9 movies
2019-11-11 10:15:53   Transformers: 5 movies
2019-11-11 10:15:53   X-Men: 11 movies
2019-11-11 10:15:55 Movie not found: 
2019-11-11 10:16:12 Found 9 sagas:
2019-11-11 10:16:12   Avengers: 24 movies
2019-11-11 10:16:12   DC: 6 movies
2019-11-11 10:16:12   Harry Potter: 8 movies
2019-11-11 10:16:12   Jurassic Park: 5 movies
2019-11-11 10:16:12   Mission Impossible: 5 movies
2019-11-11 10:16:12   Pirates des Caraïbes: 5 movies
2019-11-11 10:16:12   Star Wars: 9 movies
2019-11-11 10:16:12   Transformers: 5 movies
2019-11-11 10:16:12   X-Men: 11 movies
2019-11-11 10:16:12 Movie not found: 
2019-11-11 10:23:07 Found 9 sagas:
2019-11-11 10:23:07   Avengers: 24 movies
2019-11-11 10:23:07   DC: 6 movies
2019-11-11 10:23:07   Harry Potter: 8 movies
2019-11-11 10:23:07   Jurassic Park: 5 movies
2019-11-11 10:23:07   Mission Impossible: 5 movies
2019-11-11 10:23:07   Pirates des Caraïbes: 5 movies
2019-11-11 10:23:07   Star Wars: 9 movies
2019-11-11 10:23:07   Transformers: 5 movies
2019-11-11 10:23:07   X-Men: 11 movies
2019-11-11 10:23:09 Movie not found: 
2019-11-11 10:23:16 Movie not found: 
2019-11-11 10:23:44 Found 9 sagas:
2019-11-11 10:23:44   Avengers: 24 movies
2019-11-11 10:23:44   DC: 6 movies
2019-11-11 10:23:44   Harry Potter: 8 movies
2019-11-11 10:23:44   Jurassic Park: 5 movies
2019-11-11 10:23:44   Mission Impossible: 5 movies
2019-11-11 10:23:44   Pirates des Caraïbes: 5 movies
2019-11-11 10:23:44   Star Wars: 9 movies
2019-11-11 10:23:44   Transformers: 5 movies
2019-11-11 10:23:44   X-Men: 11 movies
2019-11-11 10:23:44 Movie not found: 
2019-11-11 10:23:45 Movie not found: 
2019-11-11 10:25:41 Found 9 sagas:
2019-11-11 10:25:41   Avengers: 24 movies
2019-11-11 10:25:41   DC: 6 movies
2019-11-11 10:25:41   Harry Potter: 8 movies
2019-11-11 10:25:41   Jurassic Park: 5 movies
2019-11-11 10:25:41   Mission Impossible: 5 movies
2019-11-11 10:25:41   Pirates des Caraïbes: 5 movies
2019-11-11 10:25:41   Star Wars: 9 movies
2019-11-11 10:25:41   Transformers: 5 movies
2019-11-11 10:25:41   X-Men: 11 movies
2019-11-11 10:25:42 Movie not found: 
2019-11-11 10:25:42 Movie not found: 
2019-11-11 10:26:26 Found 9 sagas:
2019-11-11 10:26:26   Avengers: 24 movies
2019-11-11 10:26:26   DC: 6 movies
2019-11-11 10:26:26   Harry Potter: 8 movies
2019-11-11 10:26:26   Jurassic Park: 5 movies
2019-11-11 10:26:26   Mission Impossible: 5 movies
2019-11-11 10:26:26   Pirates des Caraïbes: 5 movies
2019-11-11 10:26:26   Star Wars: 9 movies
2019-11-11 10:26:26   Transformers: 5 movies
2019-11-11 10:26:26   X-Men: 11 movies
2019-11-11 10:26:27 Movie not found: 
2019-11-11 10:26:27 Movie not found: 
2020-01-06 15:01:08 Found 9 sagas:
2020-01-06 15:01:08   Avengers: 24 movies
2020-01-06 15:01:08   DC: 6 movies
2020-01-06 15:01:08   Harry Potter: 8 movies
2020-01-06 15:01:08   Jurassic Park: 5 movies
2020-01-06 15:01:08   Mission Impossible: 5 movies
2020-01-06 15:01:08   Pirates des Caraïbes: 5 movies
2020-01-06 15:01:08   Star Wars: 11 movies
2020-01-06 15:01:08   Transformers: 5 movies
2020-01-06 15:01:08   X-Men: 11 movies
2020-01-06 15:01:08 Path not found: [fagu_Vv_1]Films HD
2020-01-06 15:01:09 Movie not found: 
2020-01-06 15:01:09 Movie not found: StarWars 3.5 - Rogue One
2020-01-06 15:01:09 Movie not found: StarWars 9 - L'Ascension de Skywalker
2020-01-06 15:04:29 Found 9 sagas:
2020-01-06 15:04:29   Avengers: 24 movies
2020-01-06 15:04:29   DC: 6 movies
2020-01-06 15:04:29   Harry Potter: 8 movies
2020-01-06 15:04:29   Jurassic Park: 5 movies
2020-01-06 15:04:29   Mission Impossible: 5 movies
2020-01-06 15:04:29   Pirates des Caraïbes: 5 movies
2020-01-06 15:04:29   Star Wars: 11 movies
2020-01-06 15:04:29   Transformers: 5 movies
2020-01-06 15:04:29   X-Men: 11 movies
2020-01-06 15:04:29 Path not found: [fagu_Vv_1]Films HD
2020-01-06 15:04:29 Movie not found: 
2020-01-06 15:04:30 Movie not found: StarWars 3.5 - Rogue One
2020-01-06 15:04:30 Movie not found: StarWars 9 - L'Ascension de Skywalker
2020-01-06 15:05:32 Found 9 sagas:
2020-01-06 15:05:32   Avengers: 24 movies
2020-01-06 15:05:32   DC: 6 movies
2020-01-06 15:05:32   Harry Potter: 8 movies
2020-01-06 15:05:32   Jurassic Park: 5 movies
2020-01-06 15:05:32   Mission Impossible: 5 movies
2020-01-06 15:05:32   Pirates des Caraïbes: 5 movies
2020-01-06 15:05:32   Star Wars: 11 movies
2020-01-06 15:05:32   Transformers: 5 movies
2020-01-06 15:05:32   X-Men: 11 movies
2020-01-06 15:05:32 Path not found: [fagu_Vv_1]Films HD
2020-01-06 15:05:32 Movie not found: 
2020-01-06 15:05:32 Movie not found: StarWars 9 - L'Ascension de Skywalker
2020-01-06 22:04:17 Found 9 sagas:
2020-01-06 22:04:17   Avengers: 24 movies
2020-01-06 22:04:17   DC: 6 movies
2020-01-06 22:04:17   Harry Potter: 8 movies
2020-01-06 22:04:17   Jurassic Park: 5 movies
2020-01-06 22:04:17   Mission Impossible: 5 movies
2020-01-06 22:04:17   Pirates des Caraïbes: 5 movies
2020-01-06 22:04:17   Star Wars: 11 movies
2020-01-06 22:04:17   Transformers: 5 movies
2020-01-06 22:04:17   X-Men: 11 movies
2020-01-06 22:04:18 Movie not found: 
2020-01-06 22:04:18 Movie not found: StarWars 9 - L'Ascension de Skywalker
2020-01-06 22:04:28 Movie not found: 
2020-01-06 22:04:28 Movie not found: StarWars 9 - L'Ascension de Skywalker
2020-09-30 20:23:58 file.encoding: UTF-8
2020-09-30 20:23:58 Default Charset=UTF-8
2020-09-30 20:23:58 ******************* FMV v? *******************
2020-09-30 20:23:58 Load config file: D:\Nos Documents\Commun\sync\local-full\test.sync
2020-09-30 20:23:58 
2020-09-30 20:23:58 Synchronizations declared:
2020-09-30 20:23:58         source: D:\Video_fagu&Vv
2020-09-30 20:23:58    destination:     \\faguvvnas\data\Video_fagu&Vv
2020-09-30 20:23:58 
2020-09-30 20:24:03 Synchronizing...
2020-09-30 20:24:03 ############################################################
2020-09-30 20:24:03       source: file://D:\Video_fagu&Vv
2020-09-30 20:24:03  destination: file://\\faguvvnas\data\Video_fagu&Vv
2020-09-30 20:27:34 IGNORE  \\faguvvnas\data\Video_fagu&Vv\private
2020-09-30 20:29:14 file.encoding: UTF-8
2020-09-30 20:29:14 Default Charset=UTF-8
2020-09-30 20:29:14 ******************* FMV v? *******************
2020-09-30 20:29:14 Load config file: D:\Nos Documents\Commun\sync\local-full\test.sync
2020-09-30 20:29:14 
2020-09-30 20:29:14 Synchronizations declared:
2020-09-30 20:29:14         source: D:\Video_fagu&Vv
2020-09-30 20:29:14    destination:     \\faguvvnas\data\Video_fagu&Vv
2020-09-30 20:29:14 
2020-09-30 20:29:18 Synchronizing...
2020-09-30 20:29:18 ############################################################
2020-09-30 20:29:18       source: file://D:\Video_fagu&Vv
2020-09-30 20:29:18  destination: file://\\faguvvnas\data\Video_fagu&Vv
2020-09-30 20:29:28 IGNORE  \\faguvvnas\data\Video_fagu&Vv\private
2020-09-30 20:30:11 file.encoding: UTF-8
2020-09-30 20:30:11 Default Charset=UTF-8
2020-09-30 20:30:11 ******************* FMV v? *******************
2020-09-30 20:30:11 Load config file: D:\Nos Documents\Commun\sync\local-full\test.sync
2020-09-30 20:30:11 
2020-09-30 20:30:11 Synchronizations declared:
2020-09-30 20:30:11         source: D:\Video_fagu&Vv
2020-09-30 20:30:11    destination:     \\faguvvnas\data\Video_fagu&Vv
2020-09-30 20:30:11 
2020-09-30 20:30:13 Synchronizing...
2020-09-30 20:30:14 ############################################################
2020-09-30 20:30:14       source: file://D:\Video_fagu&Vv
2020-09-30 20:30:14  destination: file://\\faguvvnas\data\Video_fagu&Vv
2020-09-30 20:30:15 IGNORE  \\faguvvnas\data\Video_fagu&Vv\private
2020-09-30 20:30:49 file.encoding: UTF-8
2020-09-30 20:30:49 Default Charset=UTF-8
2020-09-30 20:30:49 ******************* FMV v? *******************
2020-09-30 20:30:49 Load config file: D:\Nos Documents\Commun\sync\local-full\test.sync
2020-09-30 20:30:49 
2020-09-30 20:30:49 Synchronizations declared:
2020-09-30 20:30:49         source: D:\Video_fagu&Vv
2020-09-30 20:30:49    destination:     \\faguvvnas\data\Video_fagu&Vv
2020-09-30 20:30:49 
2020-09-30 20:30:53 Synchronizing...
2020-09-30 20:30:53 ############################################################
2020-09-30 20:30:53       source: file://D:\Video_fagu&Vv
2020-09-30 20:30:53  destination: file://\\faguvvnas\data\Video_fagu&Vv
2020-09-30 20:30:56 IGNORE  \\faguvvnas\data\Video_fagu&Vv\private
2020-11-24 21:26:04 file.encoding: UTF-8
2020-11-24 21:26:04 Default Charset=UTF-8
2020-11-24 21:26:04 ******************* FMV v? *******************
2020-11-24 21:26:04 Load config file: D:\Nos Documents\Commun\sync\local-full\test.sync
2020-11-24 21:26:04   Source not found: #D:\Video_fagu&Vv
2020-11-24 21:26:04   Source not found: #	\faguvvnas\data\Video_fagu&Vv
2020-11-24 21:26:04 
2020-11-24 21:26:04 Synchronizations declared:
2020-11-24 21:26:04         source: I:\Films HD\K
2020-11-24 21:26:04    destination:     \\faguvvnas\data\Films HD\K
2020-11-24 21:26:04 
2020-11-24 21:26:08 Synchronizing...
2020-11-24 21:26:08 ############################################################
2020-11-24 21:26:08       source: file://I:\Films HD\K
2020-11-24 21:26:08  destination: file://\\faguvvnas\data\Films HD\K
2020-11-24 21:28:43 file.encoding: UTF-8
2020-11-24 21:28:43 Default Charset=UTF-8
2020-11-24 21:28:43 ******************* FMV v? *******************
2020-11-24 21:28:43 Load config file: D:\Nos Documents\Commun\sync\local-full\test.sync
2020-11-24 21:28:43   Source not found: #D:\Video_fagu&Vv
2020-11-24 21:28:43   Source not found: #	\faguvvnas\data\Video_fagu&Vv
2020-11-24 21:28:43 
2020-11-24 21:28:43 Synchronizations declared:
2020-11-24 21:28:43         source: I:\Films HD\K
2020-11-24 21:28:43    destination:     \\faguvvnas\data\Films HD\K
2020-11-24 21:28:43 
2020-11-24 21:28:45 Synchronizing...
2020-11-24 21:28:45 ############################################################
2020-11-24 21:28:45       source: file://I:\Films HD\K
2020-11-24 21:28:45  destination: file://\\faguvvnas\data\Films HD\K
2020-11-24 21:29:14 IGNORE  \\faguvvnas\data\Films HD\K\The Karate Kid.mkv.vsmeta
2020-11-24 21:29:18 IGNORE  \\faguvvnas\data\Films HD\K\Kingsman 2, le cercle d'or.mkv.vsmeta
2020-11-24 21:29:18 IGNORE  \\faguvvnas\data\Films HD\K\Kingsman 1, services secrets.mkv.vsmeta
2020-11-24 21:29:18 IGNORE  \\faguvvnas\data\Films HD\K\Kin.mkv.vsmeta
2020-11-24 21:29:18 IGNORE  \\faguvvnas\data\Films HD\K\Kick-Ass II.mkv.vsmeta
2020-11-24 21:29:21 -----------------------------------------------------------
2020-11-24 21:29:21 Scanned: 1 folder(s), 21 file(s), 33,1 Go
2020-11-24 21:29:21 Updated: 0 folder(s), 0 file(s), 0 ko
2020-11-24 21:29:21 Deleted: 0 folder(s), 0 file(s), 0 ko
2021-01-12 12:59:49 file.encoding: UTF-8
2021-01-12 12:59:49 Default Charset=UTF-8
2021-01-12 12:59:49 ******************* FMV v? *******************
2021-01-12 12:59:49 
2021-01-12 12:59:49 List declared:
2021-01-12 12:59:49 
2021-01-12 13:00:57 file.encoding: UTF-8
2021-01-12 13:00:57 Default Charset=UTF-8
2021-01-12 13:00:57 ******************* FMV v? *******************
2021-01-12 13:00:57 Load config file: D:\Nos Documents\Commun\Loisirs\Films\movie-list.conf
2021-01-12 13:00:57 
2021-01-12 13:00:57 List declared:
2021-01-12 13:00:57 Folder: I:\Dessins animés
2021-01-12 13:00:57 Folder: I:\Dessins animés série
2021-01-12 13:00:57 Folder: I:\Documentaires
2021-01-12 13:00:57 Folder: I:\Films
2021-01-12 13:00:57 Folder: I:\Films HD
2021-01-12 13:00:57 Folder: I:\Séries
2021-01-12 13:00:57 
2021-01-12 13:02:39 file.encoding: UTF-8
2021-01-12 13:02:39 Default Charset=UTF-8
2021-01-12 13:02:39 ******************* FMV v? *******************
2021-01-12 13:02:39 Load config file: D:\Nos Documents\Commun\Loisirs\Films\movie-list-willy.conf
2021-01-12 13:02:40 
2021-01-12 13:02:40 List declared:
2021-01-12 13:02:40 Folder: I:\Dessins animés
2021-01-12 13:02:40 Folder: I:\Films HD
2021-01-12 13:02:40 
2024-07-14 17:49:06 ############################################################
2024-07-14 17:49:06       source: file://F:\Play list vv
2024-07-14 17:49:06  destination: ftp://192.168.0.27/
2024-07-14 17:51:44 ############################################################
2024-07-14 17:51:44       source: file://F:\Play list vv
2024-07-14 17:51:45  destination: ftp://192.168.0.27:2221/
2024-07-14 17:53:12 ############################################################
2024-07-14 17:53:12       source: file://F:\Play list vv
2024-07-14 17:53:12  destination: ftp://192.168.0.27:2221/
2024-07-14 18:01:23 ############################################################
2024-07-14 18:01:23       source: file://F:\Play list vv
2024-07-14 18:01:23  destination: ftp://192.168.0.27:2221/
2024-07-14 18:01:44 ############################################################
2024-07-14 18:01:44       source: file://F:\Play list vv
2024-07-14 18:01:44  destination: ftp://192.168.0.27:2221/
2024-07-14 18:01:44 MKDIR  //Top albums
2024-07-14 18:01:44 MKDIR  //Musiques intéressantes
2024-07-14 18:01:44 MKDIR  //Classique
2024-07-14 18:01:44 MKDIR  //BO
2024-07-14 18:01:44 MKDIR  //6. Années 80
2024-07-14 18:01:44 MKDIR  //5. Années 70
2024-07-14 18:01:44 MKDIR  //4. Années 60
2024-07-14 18:01:44 MKDIR  //3. Années 50
2024-07-14 18:01:44 MKDIR  //2024
2024-07-14 18:01:44 MKDIR  //2023
2024-07-14 18:01:44 MKDIR  //2022
2024-07-14 18:01:44 MKDIR  //2021
2024-07-14 18:01:44 MKDIR  //2020
2024-07-14 18:01:44 MKDIR  //2019
2024-07-14 18:01:44 MKDIR  //2018
2024-07-14 18:01:44 MKDIR  //2017
2024-07-14 18:01:44 MKDIR  //2016
2024-07-14 18:01:44 MKDIR  //2015
2024-07-14 18:01:44 MKDIR  //2014
2024-07-14 18:01:44 MKDIR  //2013
2024-07-14 18:01:44 MKDIR  //2012
2024-07-14 18:01:44 MKDIR  //2011
2024-07-14 18:01:44 MKDIR  //2010
2024-07-14 18:01:44 MKDIR  //2009
2024-07-14 18:01:44 MKDIR  //2008
2024-07-14 18:01:44 MKDIR  //2007
2024-07-14 18:01:44 MKDIR  //2006
2024-07-14 18:01:44 MKDIR  //2005
2024-07-14 18:01:44 MKDIR  //2004
2024-07-14 18:01:44 MKDIR  //2003
2024-07-14 18:01:44 MKDIR  //2002
2024-07-14 18:01:44 MKDIR  //2001
2024-07-14 18:01:44 MKDIR  //2000
2024-07-14 18:01:44 MKDIR  //2. Années 40
2024-07-14 18:01:44 MKDIR  //1999
2024-07-14 18:01:44 MKDIR  //1998
2024-07-14 18:01:44 MKDIR  //1997
2024-07-14 18:01:44 MKDIR  //1996
2024-07-14 18:01:45 MKDIR  //1995
2024-07-14 18:01:45 MKDIR  //1994
2024-07-14 18:01:45 MKDIR  //1993
2024-07-14 18:01:45 MKDIR  //1992
2024-07-14 18:01:45 MKDIR  //1991
2024-07-14 18:01:45 MKDIR  //1990
2024-07-14 18:01:45 MKDIR  //1. Années 30
2024-07-14 18:01:45 -----------------------------------------------------------
2024-07-14 18:01:45 Scanned: 1 folder(s), 0 file(s), 0 ko
2024-07-14 18:01:45 Updated: 45 folder(s), 0 file(s), 0 ko
2024-07-14 18:01:45 Deleted: 0 folder(s), 0 file(s), 0 ko
